0 verbose cli /usr/local/bin/node /usr/local/bin/npm
1 info using npm@10.9.3
2 info using node@v22.19.0
3 silly config load:file:/usr/local/lib/node_modules/npm/npmrc
4 silly config load:file:/Users/likyung/.npmrc
5 silly config load:file:/usr/local/etc/npmrc
6 verbose title npm install
7 verbose argv "install"
8 verbose logfile logs-max:10 dir:/Users/likyung/.npm/_logs/2025-09-15T00_22_54_064Z-
9 verbose logfile /Users/likyung/.npm/_logs/2025-09-15T00_22_54_064Z-debug-0.log
10 silly logfile start cleaning logs, removing 1 files
11 silly packumentCache heap:4345298944 maxSize:1086324736 maxEntrySize:543162368
12 silly logfile done cleaning log files
13 silly idealTree buildDeps
14 silly reify moves {}
15 silly audit bulk request {
15 silly audit   '@adobe/css-tools': [ '4.4.4' ],
15 silly audit   '@ampproject/remapping': [ '2.3.0' ],
15 silly audit   '@babel/code-frame': [ '7.27.1' ],
15 silly audit   '@babel/helper-string-parser': [ '7.27.1' ],
15 silly audit   '@babel/helper-validator-identifier': [ '7.27.1' ],
15 silly audit   '@babel/parser': [ '7.28.4' ],
15 silly audit   '@babel/runtime': [ '7.28.4' ],
15 silly audit   '@babel/types': [ '7.28.4' ],
15 silly audit   '@bcoe/v8-coverage': [ '1.0.2' ],
15 silly audit   '@chromatic-com/storybook': [ '4.1.1' ],
15 silly audit   chromatic: [ '12.2.0', '13.1.4' ],
15 silly audit   '@esbuild/aix-ppc64': [ '0.25.9' ],
15 silly audit   '@esbuild/android-arm': [ '0.25.9' ],
15 silly audit   '@esbuild/android-arm64': [ '0.25.9' ],
15 silly audit   '@esbuild/android-x64': [ '0.25.9' ],
15 silly audit   '@esbuild/darwin-arm64': [ '0.25.9' ],
15 silly audit   '@esbuild/darwin-x64': [ '0.25.9' ],
15 silly audit   '@esbuild/freebsd-arm64': [ '0.25.9' ],
15 silly audit   '@esbuild/freebsd-x64': [ '0.25.9' ],
15 silly audit   '@esbuild/linux-arm': [ '0.25.9' ],
15 silly audit   '@esbuild/linux-arm64': [ '0.25.9' ],
15 silly audit   '@esbuild/linux-ia32': [ '0.25.9' ],
15 silly audit   '@esbuild/linux-loong64': [ '0.25.9' ],
15 silly audit   '@esbuild/linux-mips64el': [ '0.25.9' ],
15 silly audit   '@esbuild/linux-ppc64': [ '0.25.9' ],
15 silly audit   '@esbuild/linux-riscv64': [ '0.25.9' ],
15 silly audit   '@esbuild/linux-s390x': [ '0.25.9' ],
15 silly audit   '@esbuild/linux-x64': [ '0.25.9' ],
15 silly audit   '@esbuild/netbsd-arm64': [ '0.25.9' ],
15 silly audit   '@esbuild/netbsd-x64': [ '0.25.9' ],
15 silly audit   '@esbuild/openbsd-arm64': [ '0.25.9' ],
15 silly audit   '@esbuild/openbsd-x64': [ '0.25.9' ],
15 silly audit   '@esbuild/openharmony-arm64': [ '0.25.9' ],
15 silly audit   '@esbuild/sunos-x64': [ '0.25.9' ],
15 silly audit   '@esbuild/win32-arm64': [ '0.25.9' ],
15 silly audit   '@esbuild/win32-ia32': [ '0.25.9' ],
15 silly audit   '@esbuild/win32-x64': [ '0.25.9' ],
15 silly audit   '@figspec/components': [ '1.0.3' ],
15 silly audit   '@lit/reactive-element': [ '1.6.3', '2.1.1' ],
15 silly audit   lit: [ '2.8.0', '3.3.1' ],
15 silly audit   'lit-element': [ '3.3.3', '4.2.1' ],
15 silly audit   'lit-html': [ '2.8.0', '3.3.1' ],
15 silly audit   '@figspec/react': [ '1.0.4' ],
15 silly audit   '@isaacs/cliui': [ '8.0.2' ],
15 silly audit   '@istanbuljs/schema': [ '0.1.3' ],
15 silly audit   '@jridgewell/gen-mapping': [ '0.3.13' ],
15 silly audit   '@jridgewell/resolve-uri': [ '3.1.2' ],
15 silly audit   '@jridgewell/sourcemap-codec': [ '1.5.5' ],
15 silly audit   '@jridgewell/trace-mapping': [ '0.3.31' ],
15 silly audit   '@lit-labs/react': [ '1.2.1' ],
15 silly audit   '@lit-labs/ssr-dom-shim': [ '1.4.0' ],
15 silly audit   '@mdx-js/react': [ '3.1.1' ],
15 silly audit   '@neoconfetti/react': [ '1.0.0' ],
15 silly audit   '@pkgjs/parseargs': [ '0.11.0' ],
15 silly audit   '@polka/url': [ '1.0.0-next.29' ],
15 silly audit   '@rollup/rollup-android-arm-eabi': [ '4.50.1' ],
15 silly audit   '@rollup/rollup-android-arm64': [ '4.50.1' ],
15 silly audit   '@rollup/rollup-darwin-arm64': [ '4.50.1' ],
15 silly audit   '@rollup/rollup-darwin-x64': [ '4.50.1' ],
15 silly audit   '@rollup/rollup-freebsd-arm64': [ '4.50.1' ],
15 silly audit   '@rollup/rollup-freebsd-x64': [ '4.50.1' ],
15 silly audit   '@rollup/rollup-linux-arm-gnueabihf': [ '4.50.1' ],
15 silly audit   '@rollup/rollup-linux-arm-musleabihf': [ '4.50.1' ],
15 silly audit   '@rollup/rollup-linux-arm64-gnu': [ '4.50.1' ],
15 silly audit   '@rollup/rollup-linux-arm64-musl': [ '4.50.1' ],
15 silly audit   '@rollup/rollup-linux-loongarch64-gnu': [ '4.50.1' ],
15 silly audit   '@rollup/rollup-linux-ppc64-gnu': [ '4.50.1' ],
15 silly audit   '@rollup/rollup-linux-riscv64-gnu': [ '4.50.1' ],
15 silly audit   '@rollup/rollup-linux-riscv64-musl': [ '4.50.1' ],
15 silly audit   '@rollup/rollup-linux-s390x-gnu': [ '4.50.1' ],
15 silly audit   '@rollup/rollup-linux-x64-gnu': [ '4.50.1' ],
15 silly audit   '@rollup/rollup-linux-x64-musl': [ '4.50.1' ],
15 silly audit   '@rollup/rollup-openharmony-arm64': [ '4.50.1' ],
15 silly audit   '@rollup/rollup-win32-arm64-msvc': [ '4.50.1' ],
15 silly audit   '@rollup/rollup-win32-ia32-msvc': [ '4.50.1' ],
15 silly audit   '@rollup/rollup-win32-x64-msvc': [ '4.50.1' ],
15 silly audit   '@storybook/addon-a11y': [ '9.1.5' ],
15 silly audit   '@storybook/addon-designs': [ '10.0.2' ],
15 silly audit   '@storybook/addon-docs': [ '9.1.5' ],
15 silly audit   '@storybook/addon-vitest': [ '9.1.5' ],
15 silly audit   '@storybook/builder-vite': [ '9.1.5' ],
15 silly audit   '@storybook/csf-plugin': [ '9.1.5' ],
15 silly audit   '@storybook/global': [ '5.0.0' ],
15 silly audit   '@storybook/icons': [ '1.4.0' ],
15 silly audit   '@storybook/react': [ '9.1.5' ],
15 silly audit   '@storybook/react-dom-shim': [ '9.1.5' ],
15 silly audit   '@storybook/web-components': [ '9.1.5' ],
15 silly audit   '@storybook/web-components-vite': [ '9.1.5' ],
15 silly audit   '@testing-library/dom': [ '10.4.1' ],
15 silly audit   '@testing-library/jest-dom': [ '6.8.0' ],
15 silly audit   'dom-accessibility-api': [ '0.6.3', '0.5.16' ],
15 silly audit   '@testing-library/user-event': [ '14.6.1' ],
15 silly audit   '@types/aria-query': [ '5.0.4' ],
15 silly audit   '@types/chai': [ '5.2.2' ],
15 silly audit   '@types/deep-eql': [ '4.0.2' ],
15 silly audit   '@types/estree': [ '1.0.8' ],
15 silly audit   '@types/mdx': [ '2.0.13' ],
15 silly audit   '@types/react': [ '19.1.12' ],
15 silly audit   '@types/trusted-types': [ '2.0.7' ],
15 silly audit   '@vitest/browser': [ '3.2.4' ],
15 silly audit   '@vitest/coverage-v8': [ '3.2.4' ],
15 silly audit   '@vitest/expect': [ '3.2.4' ],
15 silly audit   '@vitest/mocker': [ '3.2.4' ],
15 silly audit   '@vitest/pretty-format': [ '3.2.4' ],
15 silly audit   '@vitest/runner': [ '3.2.4' ],
15 silly audit   '@vitest/snapshot': [ '3.2.4' ],
15 silly audit   '@vitest/spy': [ '3.2.4' ],
15 silly audit   '@vitest/utils': [ '3.2.4' ],
15 silly audit   acorn: [ '8.15.0' ],
15 silly audit   'ansi-regex': [ '5.0.1', '6.2.2' ],
15 silly audit   'ansi-styles': [ '5.2.0', '4.3.0', '6.2.3' ],
15 silly audit   'aria-query': [ '5.3.0' ],
15 silly audit   'assertion-error': [ '2.0.1' ],
15 silly audit   'ast-types': [ '0.16.1' ],
15 silly audit   'ast-v8-to-istanbul': [ '0.3.5' ],
15 silly audit   'js-tokens': [ '9.0.1', '4.0.0' ],
15 silly audit   'axe-core': [ '4.10.3' ],
15 silly audit   'balanced-match': [ '1.0.2' ],
15 silly audit   'better-opn': [ '3.0.2' ],
15 silly audit   'brace-expansion': [ '2.0.2' ],
15 silly audit   cac: [ '6.7.14' ],
15 silly audit   chai: [ '5.3.3' ],
15 silly audit   'check-error': [ '2.1.1' ],
15 silly audit   'color-convert': [ '2.0.1' ],
15 silly audit   'color-name': [ '1.1.4' ],
15 silly audit   'cross-spawn': [ '7.0.6' ],
15 silly audit   'css.escape': [ '1.5.1' ],
15 silly audit   csstype: [ '3.1.3' ],
15 silly audit   debug: [ '4.4.1' ],
15 silly audit   'deep-eql': [ '5.0.2' ],
15 silly audit   'define-lazy-prop': [ '2.0.0' ],
15 silly audit   dequal: [ '2.0.3' ],
15 silly audit   eastasianwidth: [ '0.2.0' ],
15 silly audit   'emoji-regex': [ '9.2.2', '8.0.0' ],
15 silly audit   'es-module-lexer': [ '1.7.0' ],
15 silly audit   esbuild: [ '0.25.9' ],
15 silly audit   'esbuild-register': [ '3.6.0' ],
15 silly audit   esprima: [ '4.0.1' ],
15 silly audit   'estree-walker': [ '3.0.3' ],
15 silly audit   'expect-type': [ '1.2.2' ],
15 silly audit   fdir: [ '6.5.0' ],
15 silly audit   filesize: [ '10.1.6' ],
15 silly audit   'foreground-child': [ '3.3.1' ],
15 silly audit   fsevents: [ '2.3.3', '2.3.2' ],
15 silly audit   glob: [ '10.4.5' ],
15 silly audit   'graceful-fs': [ '4.2.11' ],
15 silly audit   'has-flag': [ '4.0.0' ],
15 silly audit   'html-escaper': [ '2.0.2' ],
15 silly audit   'indent-string': [ '4.0.0' ],
15 silly audit   'is-docker': [ '2.2.1' ],
15 silly audit   'is-fullwidth-code-point': [ '3.0.0' ],
15 silly audit   'is-wsl': [ '2.2.0' ],
15 silly audit   isexe: [ '2.0.0' ],
15 silly audit   'istanbul-lib-coverage': [ '3.2.2' ],
15 silly audit   'istanbul-lib-report': [ '3.0.1' ],
15 silly audit   'istanbul-lib-source-maps': [ '5.0.6' ],
15 silly audit   'istanbul-reports': [ '3.2.0' ],
15 silly audit   jackspeak: [ '3.4.3' ],
15 silly audit   jsonfile: [ '6.2.0' ],
15 silly audit   kleur: [ '3.0.3' ],
15 silly audit   loupe: [ '3.2.1' ],
15 silly audit   'lru-cache': [ '10.4.3' ],
15 silly audit   'lz-string': [ '1.5.0' ],
15 silly audit   'magic-string': [ '0.30.19' ],
15 silly audit   magicast: [ '0.3.5' ],
15 silly audit   'make-dir': [ '4.0.0' ],
15 silly audit   'min-indent': [ '1.0.1' ],
15 silly audit   minimatch: [ '9.0.5' ],
15 silly audit   minipass: [ '7.1.2' ],
15 silly audit   mrmime: [ '2.0.1' ],
15 silly audit   ms: [ '2.1.3' ],
15 silly audit   nanoid: [ '3.3.11' ],
15 silly audit   open: [ '8.4.2' ],
15 silly audit   'package-json-from-dist': [ '1.0.1' ],
15 silly audit   'path-key': [ '3.1.1' ],
15 silly audit   'path-scurry': [ '1.11.1' ],
15 silly audit   pathe: [ '2.0.3' ],
15 silly audit   pathval: [ '2.0.1' ],
15 silly audit   picocolors: [ '1.1.1' ],
15 silly audit   picomatch: [ '4.0.3' ],
15 silly audit   playwright: [ '1.55.0' ],
15 silly audit   'playwright-core': [ '1.55.0' ],
15 silly audit   postcss: [ '8.5.6' ],
15 silly audit   'pretty-format': [ '27.5.1' ],
15 silly audit   prompts: [ '2.4.2' ],
15 silly audit   react: [ '19.1.1' ],
15 silly audit   'react-dom': [ '19.1.1' ],
15 silly audit   'react-is': [ '17.0.2' ],
15 silly audit   recast: [ '0.23.11' ],
15 silly audit   redent: [ '3.0.0' ],
15 silly audit   rollup: [ '4.50.1' ],
15 silly audit   scheduler: [ '0.26.0' ],
15 silly audit   semver: [ '7.7.2' ],
15 silly audit   'shebang-command': [ '2.0.0' ],
15 silly audit   'shebang-regex': [ '3.0.0' ],
15 silly audit   siginfo: [ '2.0.0' ],
15 silly audit   'signal-exit': [ '4.1.0' ],
15 silly audit   sirv: [ '3.0.2' ],
15 silly audit   sisteransi: [ '1.0.5' ],
15 silly audit   'source-map': [ '0.6.1' ],
15 silly audit   'source-map-js': [ '1.2.1' ],
15 silly audit   stackback: [ '0.0.2' ],
15 silly audit   'std-env': [ '3.9.0' ],
15 silly audit   storybook: [ '9.1.5' ],
15 silly audit   'storybook-addon-designs': [ '6.3.1' ],
15 silly audit   'string-width': [ '5.1.2', '4.2.3' ],
15 silly audit   'strip-ansi': [ '6.0.1', '7.1.2' ],
15 silly audit   'strip-indent': [ '3.0.0' ],
15 silly audit   'strip-literal': [ '3.0.0' ],
15 silly audit   'supports-color': [ '7.2.0' ],
15 silly audit   'test-exclude': [ '7.0.1' ],
15 silly audit   'tiny-invariant': [ '1.3.3' ],
15 silly audit   tinybench: [ '2.9.0' ],
15 silly audit   tinyexec: [ '0.3.2' ],
15 silly audit   tinyglobby: [ '0.2.15' ],
15 silly audit   tinypool: [ '1.1.1' ],
15 silly audit   tinyrainbow: [ '2.0.0' ],
15 silly audit   tinyspy: [ '4.0.3' ],
15 silly audit   totalist: [ '3.0.1' ],
15 silly audit   'ts-dedent': [ '2.2.0' ],
15 silly audit   tslib: [ '2.8.1' ],
15 silly audit   universalify: [ '2.0.1' ],
15 silly audit   unplugin: [ '1.16.1' ],
15 silly audit   vite: [ '7.1.5' ],
15 silly audit   'vite-node': [ '3.2.4' ],
15 silly audit   vitest: [ '3.2.4' ],
15 silly audit   'webpack-virtual-modules': [ '0.6.2' ],
15 silly audit   which: [ '2.0.2' ],
15 silly audit   'why-is-node-running': [ '2.3.0' ],
15 silly audit   'wrap-ansi': [ '8.1.0', '7.0.0' ],
15 silly audit   ws: [ '8.18.3' ]
15 silly audit }
16 verbose reify failed optional dependency /Users/likyung/node_modules/@rollup/rollup-win32-x64-msvc
17 silly reify mark deleted [ '/Users/likyung/node_modules/@rollup/rollup-win32-x64-msvc' ]
18 verbose reify failed optional dependency /Users/likyung/node_modules/@rollup/rollup-win32-ia32-msvc
19 silly reify mark deleted [ '/Users/likyung/node_modules/@rollup/rollup-win32-ia32-msvc' ]
20 verbose reify failed optional dependency /Users/likyung/node_modules/@rollup/rollup-win32-arm64-msvc
21 silly reify mark deleted [ '/Users/likyung/node_modules/@rollup/rollup-win32-arm64-msvc' ]
22 verbose reify failed optional dependency /Users/likyung/node_modules/@rollup/rollup-openharmony-arm64
23 silly reify mark deleted [ '/Users/likyung/node_modules/@rollup/rollup-openharmony-arm64' ]
24 verbose reify failed optional dependency /Users/likyung/node_modules/@rollup/rollup-linux-x64-musl
25 silly reify mark deleted [ '/Users/likyung/node_modules/@rollup/rollup-linux-x64-musl' ]
26 verbose reify failed optional dependency /Users/likyung/node_modules/@rollup/rollup-linux-x64-gnu
27 silly reify mark deleted [ '/Users/likyung/node_modules/@rollup/rollup-linux-x64-gnu' ]
28 verbose reify failed optional dependency /Users/likyung/node_modules/@rollup/rollup-linux-s390x-gnu
29 silly reify mark deleted [ '/Users/likyung/node_modules/@rollup/rollup-linux-s390x-gnu' ]
30 verbose reify failed optional dependency /Users/likyung/node_modules/@rollup/rollup-linux-riscv64-musl
31 silly reify mark deleted [ '/Users/likyung/node_modules/@rollup/rollup-linux-riscv64-musl' ]
32 verbose reify failed optional dependency /Users/likyung/node_modules/@rollup/rollup-linux-riscv64-gnu
33 silly reify mark deleted [ '/Users/likyung/node_modules/@rollup/rollup-linux-riscv64-gnu' ]
34 verbose reify failed optional dependency /Users/likyung/node_modules/@rollup/rollup-linux-ppc64-gnu
35 silly reify mark deleted [ '/Users/likyung/node_modules/@rollup/rollup-linux-ppc64-gnu' ]
36 verbose reify failed optional dependency /Users/likyung/node_modules/@rollup/rollup-linux-loongarch64-gnu
37 silly reify mark deleted [ '/Users/likyung/node_modules/@rollup/rollup-linux-loongarch64-gnu' ]
38 verbose reify failed optional dependency /Users/likyung/node_modules/@rollup/rollup-linux-arm64-musl
39 silly reify mark deleted [ '/Users/likyung/node_modules/@rollup/rollup-linux-arm64-musl' ]
40 verbose reify failed optional dependency /Users/likyung/node_modules/@rollup/rollup-linux-arm64-gnu
41 silly reify mark deleted [ '/Users/likyung/node_modules/@rollup/rollup-linux-arm64-gnu' ]
42 verbose reify failed optional dependency /Users/likyung/node_modules/@rollup/rollup-linux-arm-musleabihf
43 silly reify mark deleted [ '/Users/likyung/node_modules/@rollup/rollup-linux-arm-musleabihf' ]
44 verbose reify failed optional dependency /Users/likyung/node_modules/@rollup/rollup-linux-arm-gnueabihf
45 silly reify mark deleted [ '/Users/likyung/node_modules/@rollup/rollup-linux-arm-gnueabihf' ]
46 verbose reify failed optional dependency /Users/likyung/node_modules/@rollup/rollup-freebsd-x64
47 silly reify mark deleted [ '/Users/likyung/node_modules/@rollup/rollup-freebsd-x64' ]
48 verbose reify failed optional dependency /Users/likyung/node_modules/@rollup/rollup-freebsd-arm64
49 silly reify mark deleted [ '/Users/likyung/node_modules/@rollup/rollup-freebsd-arm64' ]
50 verbose reify failed optional dependency /Users/likyung/node_modules/@rollup/rollup-darwin-x64
51 silly reify mark deleted [ '/Users/likyung/node_modules/@rollup/rollup-darwin-x64' ]
52 verbose reify failed optional dependency /Users/likyung/node_modules/@rollup/rollup-android-arm64
53 silly reify mark deleted [ '/Users/likyung/node_modules/@rollup/rollup-android-arm64' ]
54 verbose reify failed optional dependency /Users/likyung/node_modules/@rollup/rollup-android-arm-eabi
55 silly reify mark deleted [ '/Users/likyung/node_modules/@rollup/rollup-android-arm-eabi' ]
56 verbose reify failed optional dependency /Users/likyung/node_modules/@esbuild/win32-x64
57 silly reify mark deleted [ '/Users/likyung/node_modules/@esbuild/win32-x64' ]
58 verbose reify failed optional dependency /Users/likyung/node_modules/@esbuild/win32-ia32
59 silly reify mark deleted [ '/Users/likyung/node_modules/@esbuild/win32-ia32' ]
60 verbose reify failed optional dependency /Users/likyung/node_modules/@esbuild/win32-arm64
61 silly reify mark deleted [ '/Users/likyung/node_modules/@esbuild/win32-arm64' ]
62 verbose reify failed optional dependency /Users/likyung/node_modules/@esbuild/sunos-x64
63 silly reify mark deleted [ '/Users/likyung/node_modules/@esbuild/sunos-x64' ]
64 verbose reify failed optional dependency /Users/likyung/node_modules/@esbuild/openharmony-arm64
65 silly reify mark deleted [ '/Users/likyung/node_modules/@esbuild/openharmony-arm64' ]
66 verbose reify failed optional dependency /Users/likyung/node_modules/@esbuild/openbsd-x64
67 silly reify mark deleted [ '/Users/likyung/node_modules/@esbuild/openbsd-x64' ]
68 verbose reify failed optional dependency /Users/likyung/node_modules/@esbuild/openbsd-arm64
69 silly reify mark deleted [ '/Users/likyung/node_modules/@esbuild/openbsd-arm64' ]
70 verbose reify failed optional dependency /Users/likyung/node_modules/@esbuild/netbsd-x64
71 silly reify mark deleted [ '/Users/likyung/node_modules/@esbuild/netbsd-x64' ]
72 verbose reify failed optional dependency /Users/likyung/node_modules/@esbuild/netbsd-arm64
73 silly reify mark deleted [ '/Users/likyung/node_modules/@esbuild/netbsd-arm64' ]
74 verbose reify failed optional dependency /Users/likyung/node_modules/@esbuild/linux-x64
75 silly reify mark deleted [ '/Users/likyung/node_modules/@esbuild/linux-x64' ]
76 verbose reify failed optional dependency /Users/likyung/node_modules/@esbuild/linux-s390x
77 silly reify mark deleted [ '/Users/likyung/node_modules/@esbuild/linux-s390x' ]
78 verbose reify failed optional dependency /Users/likyung/node_modules/@esbuild/linux-riscv64
79 silly reify mark deleted [ '/Users/likyung/node_modules/@esbuild/linux-riscv64' ]
80 verbose reify failed optional dependency /Users/likyung/node_modules/@esbuild/linux-ppc64
81 silly reify mark deleted [ '/Users/likyung/node_modules/@esbuild/linux-ppc64' ]
82 verbose reify failed optional dependency /Users/likyung/node_modules/@esbuild/linux-mips64el
83 silly reify mark deleted [ '/Users/likyung/node_modules/@esbuild/linux-mips64el' ]
84 verbose reify failed optional dependency /Users/likyung/node_modules/@esbuild/linux-loong64
85 silly reify mark deleted [ '/Users/likyung/node_modules/@esbuild/linux-loong64' ]
86 verbose reify failed optional dependency /Users/likyung/node_modules/@esbuild/linux-ia32
87 silly reify mark deleted [ '/Users/likyung/node_modules/@esbuild/linux-ia32' ]
88 verbose reify failed optional dependency /Users/likyung/node_modules/@esbuild/linux-arm64
89 silly reify mark deleted [ '/Users/likyung/node_modules/@esbuild/linux-arm64' ]
90 verbose reify failed optional dependency /Users/likyung/node_modules/@esbuild/linux-arm
91 silly reify mark deleted [ '/Users/likyung/node_modules/@esbuild/linux-arm' ]
92 verbose reify failed optional dependency /Users/likyung/node_modules/@esbuild/freebsd-x64
93 silly reify mark deleted [ '/Users/likyung/node_modules/@esbuild/freebsd-x64' ]
94 verbose reify failed optional dependency /Users/likyung/node_modules/@esbuild/freebsd-arm64
95 silly reify mark deleted [ '/Users/likyung/node_modules/@esbuild/freebsd-arm64' ]
96 verbose reify failed optional dependency /Users/likyung/node_modules/@esbuild/darwin-x64
97 silly reify mark deleted [ '/Users/likyung/node_modules/@esbuild/darwin-x64' ]
98 verbose reify failed optional dependency /Users/likyung/node_modules/@esbuild/android-x64
99 silly reify mark deleted [ '/Users/likyung/node_modules/@esbuild/android-x64' ]
100 verbose reify failed optional dependency /Users/likyung/node_modules/@esbuild/android-arm64
101 silly reify mark deleted [ '/Users/likyung/node_modules/@esbuild/android-arm64' ]
102 verbose reify failed optional dependency /Users/likyung/node_modules/@esbuild/android-arm
103 silly reify mark deleted [ '/Users/likyung/node_modules/@esbuild/android-arm' ]
104 verbose reify failed optional dependency /Users/likyung/node_modules/@esbuild/aix-ppc64
105 silly reify mark deleted [ '/Users/likyung/node_modules/@esbuild/aix-ppc64' ]
106 http cache ws@https://registry.npmjs.org/ws/-/ws-8.18.3.tgz 0ms (cache hit)
107 http cache wrap-ansi@https://registry.npmjs.org/wrap-ansi/-/wrap-ansi-8.1.0.tgz 0ms (cache hit)
108 http cache wrap-ansi-cjs@https://registry.npmjs.org/wrap-ansi/-/wrap-ansi-7.0.0.tgz 0ms (cache hit)
109 http cache why-is-node-running@https://registry.npmjs.org/why-is-node-running/-/why-is-node-running-2.3.0.tgz 0ms (cache hit)
110 http cache which@https://registry.npmjs.org/which/-/which-2.0.2.tgz 0ms (cache hit)
111 http cache webpack-virtual-modules@https://registry.npmjs.org/webpack-virtual-modules/-/webpack-virtual-modules-0.6.2.tgz 0ms (cache hit)
112 http cache vitest@https://registry.npmjs.org/vitest/-/vitest-3.2.4.tgz 0ms (cache hit)
113 http cache vite-node@https://registry.npmjs.org/vite-node/-/vite-node-3.2.4.tgz 0ms (cache hit)
114 http cache vite@https://registry.npmjs.org/vite/-/vite-7.1.5.tgz 0ms (cache hit)
115 http cache unplugin@https://registry.npmjs.org/unplugin/-/unplugin-1.16.1.tgz 0ms (cache hit)
116 http cache universalify@https://registry.npmjs.org/universalify/-/universalify-2.0.1.tgz 0ms (cache hit)
117 http cache tslib@https://registry.npmjs.org/tslib/-/tslib-2.8.1.tgz 0ms (cache hit)
118 http cache ts-dedent@https://registry.npmjs.org/ts-dedent/-/ts-dedent-2.2.0.tgz 0ms (cache hit)
119 http cache totalist@https://registry.npmjs.org/totalist/-/totalist-3.0.1.tgz 0ms (cache hit)
120 http cache tinyspy@https://registry.npmjs.org/tinyspy/-/tinyspy-4.0.3.tgz 0ms (cache hit)
121 http cache tinyrainbow@https://registry.npmjs.org/tinyrainbow/-/tinyrainbow-2.0.0.tgz 0ms (cache hit)
122 http cache tinypool@https://registry.npmjs.org/tinypool/-/tinypool-1.1.1.tgz 0ms (cache hit)
123 http cache tinyglobby@https://registry.npmjs.org/tinyglobby/-/tinyglobby-0.2.15.tgz 0ms (cache hit)
124 http cache tinyexec@https://registry.npmjs.org/tinyexec/-/tinyexec-0.3.2.tgz 0ms (cache hit)
125 http cache tinybench@https://registry.npmjs.org/tinybench/-/tinybench-2.9.0.tgz 0ms (cache hit)
126 http cache tiny-invariant@https://registry.npmjs.org/tiny-invariant/-/tiny-invariant-1.3.3.tgz 0ms (cache hit)
127 http cache test-exclude@https://registry.npmjs.org/test-exclude/-/test-exclude-7.0.1.tgz 0ms (cache hit)
128 http cache supports-color@https://registry.npmjs.org/supports-color/-/supports-color-7.2.0.tgz 0ms (cache hit)
129 http cache strip-literal@https://registry.npmjs.org/strip-literal/-/strip-literal-3.0.0.tgz 0ms (cache hit)
130 http cache strip-indent@https://registry.npmjs.org/strip-indent/-/strip-indent-3.0.0.tgz 0ms (cache hit)
131 http cache strip-ansi-cjs@https://registry.npmjs.org/strip-ansi/-/strip-ansi-6.0.1.tgz 0ms (cache hit)
132 http cache strip-ansi@https://registry.npmjs.org/strip-ansi/-/strip-ansi-7.1.2.tgz 0ms (cache hit)
133 http cache string-width@https://registry.npmjs.org/string-width/-/string-width-5.1.2.tgz 0ms (cache hit)
134 http cache string-width-cjs@https://registry.npmjs.org/string-width/-/string-width-4.2.3.tgz 0ms (cache hit)
135 http cache storybook-addon-designs@https://registry.npmjs.org/storybook-addon-designs/-/storybook-addon-designs-6.3.1.tgz 0ms (cache hit)
136 http cache std-env@https://registry.npmjs.org/std-env/-/std-env-3.9.0.tgz 0ms (cache hit)
137 http cache storybook@https://registry.npmjs.org/storybook/-/storybook-9.1.5.tgz 0ms (cache hit)
138 http cache stackback@https://registry.npmjs.org/stackback/-/stackback-0.0.2.tgz 0ms (cache hit)
139 http cache source-map-js@https://registry.npmjs.org/source-map-js/-/source-map-js-1.2.1.tgz 0ms (cache hit)
140 http cache source-map@https://registry.npmjs.org/source-map/-/source-map-0.6.1.tgz 0ms (cache hit)
141 http cache sisteransi@https://registry.npmjs.org/sisteransi/-/sisteransi-1.0.5.tgz 0ms (cache hit)
142 http cache sirv@https://registry.npmjs.org/sirv/-/sirv-3.0.2.tgz 0ms (cache hit)
143 http cache signal-exit@https://registry.npmjs.org/signal-exit/-/signal-exit-4.1.0.tgz 0ms (cache hit)
144 http cache siginfo@https://registry.npmjs.org/siginfo/-/siginfo-2.0.0.tgz 0ms (cache hit)
145 http cache shebang-regex@https://registry.npmjs.org/shebang-regex/-/shebang-regex-3.0.0.tgz 0ms (cache hit)
146 http cache shebang-command@https://registry.npmjs.org/shebang-command/-/shebang-command-2.0.0.tgz 0ms (cache hit)
147 http cache semver@https://registry.npmjs.org/semver/-/semver-7.7.2.tgz 0ms (cache hit)
148 http cache scheduler@https://registry.npmjs.org/scheduler/-/scheduler-0.26.0.tgz 0ms (cache hit)
149 http cache rollup@https://registry.npmjs.org/rollup/-/rollup-4.50.1.tgz 0ms (cache hit)
150 http cache redent@https://registry.npmjs.org/redent/-/redent-3.0.0.tgz 0ms (cache hit)
151 http cache recast@https://registry.npmjs.org/recast/-/recast-0.23.11.tgz 0ms (cache hit)
152 http cache react-is@https://registry.npmjs.org/react-is/-/react-is-17.0.2.tgz 0ms (cache hit)
153 http cache react-dom@https://registry.npmjs.org/react-dom/-/react-dom-19.1.1.tgz 0ms (cache hit)
154 http cache prompts@https://registry.npmjs.org/prompts/-/prompts-2.4.2.tgz 0ms (cache hit)
155 http cache pretty-format@https://registry.npmjs.org/pretty-format/-/pretty-format-27.5.1.tgz 0ms (cache hit)
156 http cache react@https://registry.npmjs.org/react/-/react-19.1.1.tgz 0ms (cache hit)
157 http cache postcss@https://registry.npmjs.org/postcss/-/postcss-8.5.6.tgz 0ms (cache hit)
158 http cache playwright-core@https://registry.npmjs.org/playwright-core/-/playwright-core-1.55.0.tgz 0ms (cache hit)
159 http cache picomatch@https://registry.npmjs.org/picomatch/-/picomatch-4.0.3.tgz 0ms (cache hit)
160 http cache picocolors@https://registry.npmjs.org/picocolors/-/picocolors-1.1.1.tgz 0ms (cache hit)
161 http cache playwright@https://registry.npmjs.org/playwright/-/playwright-1.55.0.tgz 0ms (cache hit)
162 http cache pathval@https://registry.npmjs.org/pathval/-/pathval-2.0.1.tgz 0ms (cache hit)
163 http cache pathe@https://registry.npmjs.org/pathe/-/pathe-2.0.3.tgz 0ms (cache hit)
164 http cache path-scurry@https://registry.npmjs.org/path-scurry/-/path-scurry-1.11.1.tgz 0ms (cache hit)
165 http cache path-key@https://registry.npmjs.org/path-key/-/path-key-3.1.1.tgz 0ms (cache hit)
166 http cache package-json-from-dist@https://registry.npmjs.org/package-json-from-dist/-/package-json-from-dist-1.0.1.tgz 0ms (cache hit)
167 http cache open@https://registry.npmjs.org/open/-/open-8.4.2.tgz 0ms (cache hit)
168 http cache nanoid@https://registry.npmjs.org/nanoid/-/nanoid-3.3.11.tgz 0ms (cache hit)
169 http cache ms@https://registry.npmjs.org/ms/-/ms-2.1.3.tgz 0ms (cache hit)
170 http cache mrmime@https://registry.npmjs.org/mrmime/-/mrmime-2.0.1.tgz 0ms (cache hit)
171 http cache minipass@https://registry.npmjs.org/minipass/-/minipass-7.1.2.tgz 0ms (cache hit)
172 http cache minimatch@https://registry.npmjs.org/minimatch/-/minimatch-9.0.5.tgz 0ms (cache hit)
173 http cache min-indent@https://registry.npmjs.org/min-indent/-/min-indent-1.0.1.tgz 0ms (cache hit)
174 http cache make-dir@https://registry.npmjs.org/make-dir/-/make-dir-4.0.0.tgz 0ms (cache hit)
175 http cache magicast@https://registry.npmjs.org/magicast/-/magicast-0.3.5.tgz 0ms (cache hit)
176 http cache lz-string@https://registry.npmjs.org/lz-string/-/lz-string-1.5.0.tgz 0ms (cache hit)
177 http cache lru-cache@https://registry.npmjs.org/lru-cache/-/lru-cache-10.4.3.tgz 0ms (cache hit)
178 http cache loupe@https://registry.npmjs.org/loupe/-/loupe-3.2.1.tgz 0ms (cache hit)
179 http cache lit-html@https://registry.npmjs.org/lit-html/-/lit-html-3.3.1.tgz 0ms (cache hit)
180 http cache lit-element@https://registry.npmjs.org/lit-element/-/lit-element-4.2.1.tgz 0ms (cache hit)
181 http cache lit@https://registry.npmjs.org/lit/-/lit-3.3.1.tgz 0ms (cache hit)
182 http cache kleur@https://registry.npmjs.org/kleur/-/kleur-3.0.3.tgz 0ms (cache hit)
183 http cache jsonfile@https://registry.npmjs.org/jsonfile/-/jsonfile-6.2.0.tgz 0ms (cache hit)
184 http cache js-tokens@https://registry.npmjs.org/js-tokens/-/js-tokens-4.0.0.tgz 0ms (cache hit)
185 http cache jackspeak@https://registry.npmjs.org/jackspeak/-/jackspeak-3.4.3.tgz 0ms (cache hit)
186 http cache istanbul-reports@https://registry.npmjs.org/istanbul-reports/-/istanbul-reports-3.2.0.tgz 0ms (cache hit)
187 http cache istanbul-lib-source-maps@https://registry.npmjs.org/istanbul-lib-source-maps/-/istanbul-lib-source-maps-5.0.6.tgz 0ms (cache hit)
188 http cache istanbul-lib-report@https://registry.npmjs.org/istanbul-lib-report/-/istanbul-lib-report-3.0.1.tgz 0ms (cache hit)
189 http cache istanbul-lib-coverage@https://registry.npmjs.org/istanbul-lib-coverage/-/istanbul-lib-coverage-3.2.2.tgz 0ms (cache hit)
190 http cache isexe@https://registry.npmjs.org/isexe/-/isexe-2.0.0.tgz 0ms (cache hit)
191 http cache is-wsl@https://registry.npmjs.org/is-wsl/-/is-wsl-2.2.0.tgz 0ms (cache hit)
192 http cache is-fullwidth-code-point@https://registry.npmjs.org/is-fullwidth-code-point/-/is-fullwidth-code-point-3.0.0.tgz 0ms (cache hit)
193 http cache is-docker@https://registry.npmjs.org/is-docker/-/is-docker-2.2.1.tgz 0ms (cache hit)
194 http cache indent-string@https://registry.npmjs.org/indent-string/-/indent-string-4.0.0.tgz 0ms (cache hit)
195 http cache html-escaper@https://registry.npmjs.org/html-escaper/-/html-escaper-2.0.2.tgz 0ms (cache hit)
196 http cache has-flag@https://registry.npmjs.org/has-flag/-/has-flag-4.0.0.tgz 0ms (cache hit)
197 http cache graceful-fs@https://registry.npmjs.org/graceful-fs/-/graceful-fs-4.2.11.tgz 0ms (cache hit)
198 http cache glob@https://registry.npmjs.org/glob/-/glob-10.4.5.tgz 0ms (cache hit)
199 http cache fsevents@https://registry.npmjs.org/fsevents/-/fsevents-2.3.3.tgz 0ms (cache hit)
200 http cache foreground-child@https://registry.npmjs.org/foreground-child/-/foreground-child-3.3.1.tgz 0ms (cache hit)
201 http cache filesize@https://registry.npmjs.org/filesize/-/filesize-10.1.6.tgz 0ms (cache hit)
202 http cache fdir@https://registry.npmjs.org/fdir/-/fdir-6.5.0.tgz 0ms (cache hit)
203 http cache magic-string@https://registry.npmjs.org/magic-string/-/magic-string-0.30.19.tgz 0ms (cache hit)
204 http cache expect-type@https://registry.npmjs.org/expect-type/-/expect-type-1.2.2.tgz 0ms (cache hit)
205 http cache estree-walker@https://registry.npmjs.org/estree-walker/-/estree-walker-3.0.3.tgz 0ms (cache hit)
206 http cache esbuild-register@https://registry.npmjs.org/esbuild-register/-/esbuild-register-3.6.0.tgz 0ms (cache hit)
207 http cache esbuild@https://registry.npmjs.org/esbuild/-/esbuild-0.25.9.tgz 0ms (cache hit)
208 http cache es-module-lexer@https://registry.npmjs.org/es-module-lexer/-/es-module-lexer-1.7.0.tgz 0ms (cache hit)
209 http cache emoji-regex@https://registry.npmjs.org/emoji-regex/-/emoji-regex-9.2.2.tgz 0ms (cache hit)
210 http cache esprima@https://registry.npmjs.org/esprima/-/esprima-4.0.1.tgz 0ms (cache hit)
211 http cache eastasianwidth@https://registry.npmjs.org/eastasianwidth/-/eastasianwidth-0.2.0.tgz 0ms (cache hit)
212 http cache dom-accessibility-api@https://registry.npmjs.org/dom-accessibility-api/-/dom-accessibility-api-0.5.16.tgz 0ms (cache hit)
213 http cache dequal@https://registry.npmjs.org/dequal/-/dequal-2.0.3.tgz 0ms (cache hit)
214 http cache define-lazy-prop@https://registry.npmjs.org/define-lazy-prop/-/define-lazy-prop-2.0.0.tgz 0ms (cache hit)
215 http cache deep-eql@https://registry.npmjs.org/deep-eql/-/deep-eql-5.0.2.tgz 0ms (cache hit)
216 http cache debug@https://registry.npmjs.org/debug/-/debug-4.4.1.tgz 0ms (cache hit)
217 http cache csstype@https://registry.npmjs.org/csstype/-/csstype-3.1.3.tgz 0ms (cache hit)
218 http cache css.escape@https://registry.npmjs.org/css.escape/-/css.escape-1.5.1.tgz 0ms (cache hit)
219 http cache color-name@https://registry.npmjs.org/color-name/-/color-name-1.1.4.tgz 0ms (cache hit)
220 http cache cross-spawn@https://registry.npmjs.org/cross-spawn/-/cross-spawn-7.0.6.tgz 0ms (cache hit)
221 http cache color-convert@https://registry.npmjs.org/color-convert/-/color-convert-2.0.1.tgz 0ms (cache hit)
222 http cache chromatic@https://registry.npmjs.org/chromatic/-/chromatic-13.1.4.tgz 0ms (cache hit)
223 http cache chai@https://registry.npmjs.org/chai/-/chai-5.3.3.tgz 0ms (cache hit)
224 http cache check-error@https://registry.npmjs.org/check-error/-/check-error-2.1.1.tgz 0ms (cache hit)
225 http cache cac@https://registry.npmjs.org/cac/-/cac-6.7.14.tgz 0ms (cache hit)
226 http cache brace-expansion@https://registry.npmjs.org/brace-expansion/-/brace-expansion-2.0.2.tgz 0ms (cache hit)
227 http cache better-opn@https://registry.npmjs.org/better-opn/-/better-opn-3.0.2.tgz 0ms (cache hit)
228 http cache balanced-match@https://registry.npmjs.org/balanced-match/-/balanced-match-1.0.2.tgz 0ms (cache hit)
229 http cache axe-core@https://registry.npmjs.org/axe-core/-/axe-core-4.10.3.tgz 0ms (cache hit)
230 http cache ast-types@https://registry.npmjs.org/ast-types/-/ast-types-0.16.1.tgz 0ms (cache hit)
231 http cache ast-v8-to-istanbul@https://registry.npmjs.org/ast-v8-to-istanbul/-/ast-v8-to-istanbul-0.3.5.tgz 0ms (cache hit)
232 http cache assertion-error@https://registry.npmjs.org/assertion-error/-/assertion-error-2.0.1.tgz 0ms (cache hit)
233 http cache aria-query@https://registry.npmjs.org/aria-query/-/aria-query-5.3.0.tgz 0ms (cache hit)
234 http cache ansi-styles@https://registry.npmjs.org/ansi-styles/-/ansi-styles-5.2.0.tgz 0ms (cache hit)
235 http cache ansi-regex@https://registry.npmjs.org/ansi-regex/-/ansi-regex-5.0.1.tgz 0ms (cache hit)
236 http cache acorn@https://registry.npmjs.org/acorn/-/acorn-8.15.0.tgz 0ms (cache hit)
237 http cache @vitest/utils@https://registry.npmjs.org/@vitest/utils/-/utils-3.2.4.tgz 0ms (cache hit)
238 http cache @vitest/spy@https://registry.npmjs.org/@vitest/spy/-/spy-3.2.4.tgz 0ms (cache hit)
239 http cache @vitest/snapshot@https://registry.npmjs.org/@vitest/snapshot/-/snapshot-3.2.4.tgz 0ms (cache hit)
240 http cache @vitest/pretty-format@https://registry.npmjs.org/@vitest/pretty-format/-/pretty-format-3.2.4.tgz 0ms (cache hit)
241 http cache @vitest/runner@https://registry.npmjs.org/@vitest/runner/-/runner-3.2.4.tgz 0ms (cache hit)
242 http cache @vitest/mocker@https://registry.npmjs.org/@vitest/mocker/-/mocker-3.2.4.tgz 0ms (cache hit)
243 http cache @vitest/expect@https://registry.npmjs.org/@vitest/expect/-/expect-3.2.4.tgz 0ms (cache hit)
244 http cache @vitest/coverage-v8@https://registry.npmjs.org/@vitest/coverage-v8/-/coverage-v8-3.2.4.tgz 0ms (cache hit)
245 http cache @vitest/browser@https://registry.npmjs.org/@vitest/browser/-/browser-3.2.4.tgz 0ms (cache hit)
246 http cache @types/trusted-types@https://registry.npmjs.org/@types/trusted-types/-/trusted-types-2.0.7.tgz 0ms (cache hit)
247 http cache @types/react@https://registry.npmjs.org/@types/react/-/react-19.1.12.tgz 0ms (cache hit)
248 http cache @types/mdx@https://registry.npmjs.org/@types/mdx/-/mdx-2.0.13.tgz 0ms (cache hit)
249 http cache @types/estree@https://registry.npmjs.org/@types/estree/-/estree-1.0.8.tgz 0ms (cache hit)
250 http cache @types/deep-eql@https://registry.npmjs.org/@types/deep-eql/-/deep-eql-4.0.2.tgz 0ms (cache hit)
251 http cache @types/chai@https://registry.npmjs.org/@types/chai/-/chai-5.2.2.tgz 0ms (cache hit)
252 http cache @types/aria-query@https://registry.npmjs.org/@types/aria-query/-/aria-query-5.0.4.tgz 0ms (cache hit)
253 http cache @testing-library/user-event@https://registry.npmjs.org/@testing-library/user-event/-/user-event-14.6.1.tgz 0ms (cache hit)
254 http cache @testing-library/jest-dom@https://registry.npmjs.org/@testing-library/jest-dom/-/jest-dom-6.8.0.tgz 0ms (cache hit)
255 http cache @testing-library/dom@https://registry.npmjs.org/@testing-library/dom/-/dom-10.4.1.tgz 0ms (cache hit)
256 http cache @storybook/web-components-vite@https://registry.npmjs.org/@storybook/web-components-vite/-/web-components-vite-9.1.5.tgz 0ms (cache hit)
257 http cache @storybook/web-components@https://registry.npmjs.org/@storybook/web-components/-/web-components-9.1.5.tgz 0ms (cache hit)
258 http cache @storybook/react-dom-shim@https://registry.npmjs.org/@storybook/react-dom-shim/-/react-dom-shim-9.1.5.tgz 0ms (cache hit)
259 http cache @storybook/react@https://registry.npmjs.org/@storybook/react/-/react-9.1.5.tgz 0ms (cache hit)
260 http cache @storybook/icons@https://registry.npmjs.org/@storybook/icons/-/icons-1.4.0.tgz 0ms (cache hit)
261 http cache @storybook/global@https://registry.npmjs.org/@storybook/global/-/global-5.0.0.tgz 0ms (cache hit)
262 http cache @storybook/csf-plugin@https://registry.npmjs.org/@storybook/csf-plugin/-/csf-plugin-9.1.5.tgz 0ms (cache hit)
263 http cache @storybook/builder-vite@https://registry.npmjs.org/@storybook/builder-vite/-/builder-vite-9.1.5.tgz 0ms (cache hit)
264 http cache @storybook/addon-vitest@https://registry.npmjs.org/@storybook/addon-vitest/-/addon-vitest-9.1.5.tgz 0ms (cache hit)
265 http cache @storybook/addon-docs@https://registry.npmjs.org/@storybook/addon-docs/-/addon-docs-9.1.5.tgz 0ms (cache hit)
266 http cache @storybook/addon-designs@https://registry.npmjs.org/@storybook/addon-designs/-/addon-designs-10.0.2.tgz 0ms (cache hit)
267 http cache @storybook/addon-a11y@https://registry.npmjs.org/@storybook/addon-a11y/-/addon-a11y-9.1.5.tgz 0ms (cache hit)
268 http cache @rollup/rollup-darwin-arm64@https://registry.npmjs.org/@rollup/rollup-darwin-arm64/-/rollup-darwin-arm64-4.50.1.tgz 0ms (cache hit)
269 http cache @polka/url@https://registry.npmjs.org/@polka/url/-/url-1.0.0-next.29.tgz 0ms (cache hit)
270 http cache @pkgjs/parseargs@https://registry.npmjs.org/@pkgjs/parseargs/-/parseargs-0.11.0.tgz 0ms (cache hit)
271 http cache @neoconfetti/react@https://registry.npmjs.org/@neoconfetti/react/-/react-1.0.0.tgz 0ms (cache hit)
272 http cache @mdx-js/react@https://registry.npmjs.org/@mdx-js/react/-/react-3.1.1.tgz 0ms (cache hit)
273 http cache @lit/reactive-element@https://registry.npmjs.org/@lit/reactive-element/-/reactive-element-2.1.1.tgz 0ms (cache hit)
274 http cache @lit-labs/ssr-dom-shim@https://registry.npmjs.org/@lit-labs/ssr-dom-shim/-/ssr-dom-shim-1.4.0.tgz 0ms (cache hit)
275 http cache @lit-labs/react@https://registry.npmjs.org/@lit-labs/react/-/react-1.2.1.tgz 0ms (cache hit)
276 http cache @jridgewell/trace-mapping@https://registry.npmjs.org/@jridgewell/trace-mapping/-/trace-mapping-0.3.31.tgz 0ms (cache hit)
277 http cache @jridgewell/sourcemap-codec@https://registry.npmjs.org/@jridgewell/sourcemap-codec/-/sourcemap-codec-1.5.5.tgz 0ms (cache hit)
278 http cache @jridgewell/resolve-uri@https://registry.npmjs.org/@jridgewell/resolve-uri/-/resolve-uri-3.1.2.tgz 0ms (cache hit)
279 http cache @jridgewell/gen-mapping@https://registry.npmjs.org/@jridgewell/gen-mapping/-/gen-mapping-0.3.13.tgz 0ms (cache hit)
280 http cache @istanbuljs/schema@https://registry.npmjs.org/@istanbuljs/schema/-/schema-0.1.3.tgz 0ms (cache hit)
281 http cache @isaacs/cliui@https://registry.npmjs.org/@isaacs/cliui/-/cliui-8.0.2.tgz 0ms (cache hit)
282 http cache @figspec/react@https://registry.npmjs.org/@figspec/react/-/react-1.0.4.tgz 0ms (cache hit)
283 http cache @figspec/components@https://registry.npmjs.org/@figspec/components/-/components-1.0.3.tgz 0ms (cache hit)
284 http cache @esbuild/darwin-arm64@https://registry.npmjs.org/@esbuild/darwin-arm64/-/darwin-arm64-0.25.9.tgz 0ms (cache hit)
285 http cache @chromatic-com/storybook@https://registry.npmjs.org/@chromatic-com/storybook/-/storybook-4.1.1.tgz 0ms (cache hit)
286 http cache @bcoe/v8-coverage@https://registry.npmjs.org/@bcoe/v8-coverage/-/v8-coverage-1.0.2.tgz 0ms (cache hit)
287 http cache @babel/types@https://registry.npmjs.org/@babel/types/-/types-7.28.4.tgz 0ms (cache hit)
288 http cache @babel/runtime@https://registry.npmjs.org/@babel/runtime/-/runtime-7.28.4.tgz 0ms (cache hit)
289 http cache @babel/parser@https://registry.npmjs.org/@babel/parser/-/parser-7.28.4.tgz 0ms (cache hit)
290 http cache @babel/helper-validator-identifier@https://registry.npmjs.org/@babel/helper-validator-identifier/-/helper-validator-identifier-7.27.1.tgz 0ms (cache hit)
291 http cache @babel/helper-string-parser@https://registry.npmjs.org/@babel/helper-string-parser/-/helper-string-parser-7.27.1.tgz 0ms (cache hit)
292 http cache @babel/code-frame@https://registry.npmjs.org/@babel/code-frame/-/code-frame-7.27.1.tgz 0ms (cache hit)
293 http cache @ampproject/remapping@https://registry.npmjs.org/@ampproject/remapping/-/remapping-2.3.0.tgz 0ms (cache hit)
294 http cache @adobe/css-tools@https://registry.npmjs.org/@adobe/css-tools/-/css-tools-4.4.4.tgz 0ms (cache hit)
295 http cache strip-ansi@https://registry.npmjs.org/strip-ansi/-/strip-ansi-6.0.1.tgz 0ms (cache hit)
296 http cache string-width@https://registry.npmjs.org/string-width/-/string-width-4.2.3.tgz 0ms (cache hit)
297 http cache emoji-regex@https://registry.npmjs.org/emoji-regex/-/emoji-regex-8.0.0.tgz 0ms (cache hit)
298 http cache ansi-styles@https://registry.npmjs.org/ansi-styles/-/ansi-styles-4.3.0.tgz 0ms (cache hit)
299 http cache js-tokens@https://registry.npmjs.org/js-tokens/-/js-tokens-9.0.1.tgz 0ms (cache hit)
300 http cache ansi-styles@https://registry.npmjs.org/ansi-styles/-/ansi-styles-6.2.3.tgz 0ms (cache hit)
301 http cache strip-ansi@https://registry.npmjs.org/strip-ansi/-/strip-ansi-6.0.1.tgz 0ms (cache hit)
302 http cache ansi-regex@https://registry.npmjs.org/ansi-regex/-/ansi-regex-6.2.2.tgz 0ms (cache hit)
303 http cache emoji-regex@https://registry.npmjs.org/emoji-regex/-/emoji-regex-8.0.0.tgz 0ms (cache hit)
304 http cache fsevents@https://registry.npmjs.org/fsevents/-/fsevents-2.3.2.tgz 0ms (cache hit)
305 http cache js-tokens@https://registry.npmjs.org/js-tokens/-/js-tokens-9.0.1.tgz 0ms (cache hit)
306 http cache dom-accessibility-api@https://registry.npmjs.org/dom-accessibility-api/-/dom-accessibility-api-0.6.3.tgz 0ms (cache hit)
307 http cache lit-html@https://registry.npmjs.org/lit-html/-/lit-html-2.8.0.tgz 0ms (cache hit)
308 http cache lit-element@https://registry.npmjs.org/lit-element/-/lit-element-3.3.3.tgz 0ms (cache hit)
309 http cache @lit/reactive-element@https://registry.npmjs.org/@lit/reactive-element/-/reactive-element-1.6.3.tgz 0ms (cache hit)
310 http cache lit@https://registry.npmjs.org/lit/-/lit-2.8.0.tgz 0ms (cache hit)
311 http cache chromatic@https://registry.npmjs.org/chromatic/-/chromatic-12.2.0.tgz 0ms (cache hit)
312 http fetch POST 200 https://registry.npmjs.org/-/npm/v1/security/advisories/bulk 613ms
313 silly audit report {}
314 info run esbuild@0.25.9 postinstall node_modules/esbuild node install.js
315 info run esbuild@0.25.9 postinstall { code: 0, signal: null }
316 silly ADD node_modules/ws
317 silly ADD node_modules/wrap-ansi-cjs
318 silly ADD node_modules/wrap-ansi-cjs/node_modules/strip-ansi
319 silly ADD node_modules/wrap-ansi-cjs/node_modules/string-width
320 silly ADD node_modules/wrap-ansi-cjs/node_modules/emoji-regex
321 silly ADD node_modules/wrap-ansi-cjs/node_modules/ansi-styles
322 silly ADD node_modules/wrap-ansi
323 silly ADD node_modules/wrap-ansi/node_modules/ansi-styles
324 silly ADD node_modules/why-is-node-running
325 silly ADD node_modules/which
326 silly ADD node_modules/webpack-virtual-modules
327 silly ADD node_modules/vitest
328 silly ADD node_modules/vite-node
329 silly ADD node_modules/vite
330 silly ADD node_modules/unplugin
331 silly ADD node_modules/universalify
332 silly ADD node_modules/tslib
333 silly ADD node_modules/ts-dedent
334 silly ADD node_modules/totalist
335 silly ADD node_modules/tinyspy
336 silly ADD node_modules/tinyrainbow
337 silly ADD node_modules/tinypool
338 silly ADD node_modules/tinyglobby
339 silly ADD node_modules/tinyexec
340 silly ADD node_modules/tinybench
341 silly ADD node_modules/tiny-invariant
342 silly ADD node_modules/test-exclude
343 silly ADD node_modules/supports-color
344 silly ADD node_modules/strip-literal
345 silly ADD node_modules/strip-literal/node_modules/js-tokens
346 silly ADD node_modules/strip-indent
347 silly ADD node_modules/strip-ansi-cjs
348 silly ADD node_modules/strip-ansi
349 silly ADD node_modules/strip-ansi/node_modules/ansi-regex
350 silly ADD node_modules/string-width-cjs
351 silly ADD node_modules/string-width-cjs/node_modules/strip-ansi
352 silly ADD node_modules/string-width-cjs/node_modules/emoji-regex
353 silly ADD node_modules/string-width
354 silly ADD node_modules/storybook-addon-designs
355 silly ADD node_modules/storybook
356 silly ADD node_modules/std-env
357 silly ADD node_modules/stackback
358 silly ADD node_modules/source-map-js
359 silly ADD node_modules/source-map
360 silly ADD node_modules/sisteransi
361 silly ADD node_modules/sirv
362 silly ADD node_modules/signal-exit
363 silly ADD node_modules/siginfo
364 silly ADD node_modules/shebang-regex
365 silly ADD node_modules/shebang-command
366 silly ADD node_modules/semver
367 silly ADD node_modules/scheduler
368 silly ADD node_modules/rollup
369 silly ADD node_modules/redent
370 silly ADD node_modules/recast
371 silly ADD node_modules/react-is
372 silly ADD node_modules/react-dom
373 silly ADD node_modules/react
374 silly ADD node_modules/prompts
375 silly ADD node_modules/pretty-format
376 silly ADD node_modules/postcss
377 silly ADD node_modules/playwright-core
378 silly ADD node_modules/playwright
379 silly ADD node_modules/playwright/node_modules/fsevents
380 silly ADD node_modules/picomatch
381 silly ADD node_modules/picocolors
382 silly ADD node_modules/pathval
383 silly ADD node_modules/pathe
384 silly ADD node_modules/path-scurry
385 silly ADD node_modules/path-key
386 silly ADD node_modules/package-json-from-dist
387 silly ADD node_modules/open
388 silly ADD node_modules/nanoid
389 silly ADD node_modules/ms
390 silly ADD node_modules/mrmime
391 silly ADD node_modules/minipass
392 silly ADD node_modules/minimatch
393 silly ADD node_modules/min-indent
394 silly ADD node_modules/make-dir
395 silly ADD node_modules/magicast
396 silly ADD node_modules/magic-string
397 silly ADD node_modules/lz-string
398 silly ADD node_modules/lru-cache
399 silly ADD node_modules/loupe
400 silly ADD node_modules/lit-html
401 silly ADD node_modules/lit-element
402 silly ADD node_modules/lit
403 silly ADD node_modules/kleur
404 silly ADD node_modules/jsonfile
405 silly ADD node_modules/js-tokens
406 silly ADD node_modules/jackspeak
407 silly ADD node_modules/istanbul-reports
408 silly ADD node_modules/istanbul-lib-source-maps
409 silly ADD node_modules/istanbul-lib-report
410 silly ADD node_modules/istanbul-lib-coverage
411 silly ADD node_modules/isexe
412 silly ADD node_modules/is-wsl
413 silly ADD node_modules/is-fullwidth-code-point
414 silly ADD node_modules/is-docker
415 silly ADD node_modules/indent-string
416 silly ADD node_modules/html-escaper
417 silly ADD node_modules/has-flag
418 silly ADD node_modules/graceful-fs
419 silly ADD node_modules/glob
420 silly ADD node_modules/fsevents
421 silly ADD node_modules/foreground-child
422 silly ADD node_modules/filesize
423 silly ADD node_modules/fdir
424 silly ADD node_modules/expect-type
425 silly ADD node_modules/estree-walker
426 silly ADD node_modules/esprima
427 silly ADD node_modules/esbuild-register
428 silly ADD node_modules/esbuild
429 silly ADD node_modules/es-module-lexer
430 silly ADD node_modules/emoji-regex
431 silly ADD node_modules/eastasianwidth
432 silly ADD node_modules/dom-accessibility-api
433 silly ADD node_modules/dequal
434 silly ADD node_modules/define-lazy-prop
435 silly ADD node_modules/deep-eql
436 silly ADD node_modules/debug
437 silly ADD node_modules/csstype
438 silly ADD node_modules/css.escape
439 silly ADD node_modules/cross-spawn
440 silly ADD node_modules/color-name
441 silly ADD node_modules/color-convert
442 silly ADD node_modules/chromatic
443 silly ADD node_modules/check-error
444 silly ADD node_modules/chai
445 silly ADD node_modules/cac
446 silly ADD node_modules/brace-expansion
447 silly ADD node_modules/better-opn
448 silly ADD node_modules/balanced-match
449 silly ADD node_modules/axe-core
450 silly ADD node_modules/ast-v8-to-istanbul
451 silly ADD node_modules/ast-v8-to-istanbul/node_modules/js-tokens
452 silly ADD node_modules/ast-types
453 silly ADD node_modules/assertion-error
454 silly ADD node_modules/aria-query
455 silly ADD node_modules/ansi-styles
456 silly ADD node_modules/ansi-regex
457 silly ADD node_modules/acorn
458 silly ADD node_modules/@vitest/utils
459 silly ADD node_modules/@vitest/spy
460 silly ADD node_modules/@vitest/snapshot
461 silly ADD node_modules/@vitest/runner
462 silly ADD node_modules/@vitest/pretty-format
463 silly ADD node_modules/@vitest/mocker
464 silly ADD node_modules/@vitest/expect
465 silly ADD node_modules/@vitest/coverage-v8
466 silly ADD node_modules/@vitest/browser
467 silly ADD node_modules/@types/trusted-types
468 silly ADD node_modules/@types/react
469 silly ADD node_modules/@types/mdx
470 silly ADD node_modules/@types/estree
471 silly ADD node_modules/@types/deep-eql
472 silly ADD node_modules/@types/chai
473 silly ADD node_modules/@types/aria-query
474 silly ADD node_modules/@testing-library/user-event
475 silly ADD node_modules/@testing-library/jest-dom
476 silly ADD node_modules/@testing-library/jest-dom/node_modules/dom-accessibility-api
477 silly ADD node_modules/@testing-library/dom
478 silly ADD node_modules/@storybook/web-components-vite
479 silly ADD node_modules/@storybook/web-components
480 silly ADD node_modules/@storybook/react-dom-shim
481 silly ADD node_modules/@storybook/react
482 silly ADD node_modules/@storybook/icons
483 silly ADD node_modules/@storybook/global
484 silly ADD node_modules/@storybook/csf-plugin
485 silly ADD node_modules/@storybook/builder-vite
486 silly ADD node_modules/@storybook/addon-vitest
487 silly ADD node_modules/@storybook/addon-docs
488 silly ADD node_modules/@storybook/addon-designs
489 silly ADD node_modules/@storybook/addon-a11y
490 silly ADD
491 silly ADD
492 silly ADD
493 silly ADD
494 silly ADD
495 silly ADD
496 silly ADD
497 silly ADD
498 silly ADD
499 silly ADD
500 silly ADD
501 silly ADD
502 silly ADD
503 silly ADD
504 silly ADD
505 silly ADD
506 silly ADD
507 silly ADD
508 silly ADD node_modules/@rollup/rollup-darwin-arm64
509 silly ADD
510 silly ADD
511 silly ADD node_modules/@polka/url
512 silly ADD node_modules/@pkgjs/parseargs
513 silly ADD node_modules/@neoconfetti/react
514 silly ADD node_modules/@mdx-js/react
515 silly ADD node_modules/@lit/reactive-element
516 silly ADD node_modules/@lit-labs/ssr-dom-shim
517 silly ADD node_modules/@lit-labs/react
518 silly ADD node_modules/@jridgewell/trace-mapping
519 silly ADD node_modules/@jridgewell/sourcemap-codec
520 silly ADD node_modules/@jridgewell/resolve-uri
521 silly ADD node_modules/@jridgewell/gen-mapping
522 silly ADD node_modules/@istanbuljs/schema
523 silly ADD node_modules/@isaacs/cliui
524 silly ADD node_modules/@figspec/react
525 silly ADD node_modules/@figspec/components
526 silly ADD node_modules/@figspec/components/node_modules/lit-html
527 silly ADD node_modules/@figspec/components/node_modules/lit-element
528 silly ADD node_modules/@figspec/components/node_modules/lit
529 silly ADD node_modules/@figspec/components/node_modules/@lit/reactive-element
530 silly ADD
531 silly ADD
532 silly ADD
533 silly ADD
534 silly ADD
535 silly ADD
536 silly ADD
537 silly ADD
538 silly ADD
539 silly ADD
540 silly ADD
541 silly ADD
542 silly ADD
543 silly ADD
544 silly ADD
545 silly ADD
546 silly ADD
547 silly ADD
548 silly ADD
549 silly ADD
550 silly ADD
551 silly ADD node_modules/@esbuild/darwin-arm64
552 silly ADD
553 silly ADD
554 silly ADD
555 silly ADD
556 silly ADD node_modules/@chromatic-com/storybook
557 silly ADD node_modules/@chromatic-com/storybook/node_modules/chromatic
558 silly ADD node_modules/@bcoe/v8-coverage
559 silly ADD node_modules/@babel/types
560 silly ADD node_modules/@babel/runtime
561 silly ADD node_modules/@babel/parser
562 silly ADD node_modules/@babel/helper-validator-identifier
563 silly ADD node_modules/@babel/helper-string-parser
564 silly ADD node_modules/@babel/code-frame
565 silly ADD node_modules/@ampproject/remapping
566 silly ADD node_modules/@adobe/css-tools
567 verbose cwd /Users/likyung
568 verbose os Darwin 23.4.0
569 verbose node v22.19.0
570 verbose npm  v10.9.3
571 verbose exit 0
572 info ok
