0 verbose cli /usr/local/bin/node /usr/local/bin/npm
1 info using npm@10.9.3
2 info using node@v22.19.0
3 silly config load:file:/usr/local/lib/node_modules/npm/npmrc
4 silly config load:file:/Users/likyung/.npmrc
5 silly config load:file:/usr/local/etc/npmrc
6 verbose title npm install
7 verbose argv "install" "--package-lock-only"
8 verbose logfile logs-max:10 dir:/Users/likyung/.npm/_logs/2025-09-15T00_32_24_885Z-
9 verbose logfile /Users/likyung/.npm/_logs/2025-09-15T00_32_24_885Z-debug-0.log
10 silly logfile start cleaning logs, removing 1 files
11 silly packumentCache heap:4345298944 maxSize:1086324736 maxEntrySize:543162368
12 silly logfile done cleaning log files
13 silly idealTree buildDeps
14 silly audit bulk request {
14 silly audit   '@adobe/css-tools': [ '4.4.4' ],
14 silly audit   '@ampproject/remapping': [ '2.3.0' ],
14 silly audit   '@babel/code-frame': [ '7.27.1' ],
14 silly audit   '@babel/helper-string-parser': [ '7.27.1' ],
14 silly audit   '@babel/helper-validator-identifier': [ '7.27.1' ],
14 silly audit   '@babel/parser': [ '7.28.4' ],
14 silly audit   '@babel/runtime': [ '7.28.4' ],
14 silly audit   '@babel/types': [ '7.28.4' ],
14 silly audit   '@bcoe/v8-coverage': [ '1.0.2' ],
14 silly audit   '@chromatic-com/storybook': [ '4.1.1' ],
14 silly audit   chromatic: [ '12.2.0', '13.1.4' ],
14 silly audit   '@esbuild/aix-ppc64': [ '0.25.9' ],
14 silly audit   '@esbuild/android-arm': [ '0.25.9' ],
14 silly audit   '@esbuild/android-arm64': [ '0.25.9' ],
14 silly audit   '@esbuild/android-x64': [ '0.25.9' ],
14 silly audit   '@esbuild/darwin-arm64': [ '0.25.9' ],
14 silly audit   '@esbuild/darwin-x64': [ '0.25.9' ],
14 silly audit   '@esbuild/freebsd-arm64': [ '0.25.9' ],
14 silly audit   '@esbuild/freebsd-x64': [ '0.25.9' ],
14 silly audit   '@esbuild/linux-arm': [ '0.25.9' ],
14 silly audit   '@esbuild/linux-arm64': [ '0.25.9' ],
14 silly audit   '@esbuild/linux-ia32': [ '0.25.9' ],
14 silly audit   '@esbuild/linux-loong64': [ '0.25.9' ],
14 silly audit   '@esbuild/linux-mips64el': [ '0.25.9' ],
14 silly audit   '@esbuild/linux-ppc64': [ '0.25.9' ],
14 silly audit   '@esbuild/linux-riscv64': [ '0.25.9' ],
14 silly audit   '@esbuild/linux-s390x': [ '0.25.9' ],
14 silly audit   '@esbuild/linux-x64': [ '0.25.9' ],
14 silly audit   '@esbuild/netbsd-arm64': [ '0.25.9' ],
14 silly audit   '@esbuild/netbsd-x64': [ '0.25.9' ],
14 silly audit   '@esbuild/openbsd-arm64': [ '0.25.9' ],
14 silly audit   '@esbuild/openbsd-x64': [ '0.25.9' ],
14 silly audit   '@esbuild/openharmony-arm64': [ '0.25.9' ],
14 silly audit   '@esbuild/sunos-x64': [ '0.25.9' ],
14 silly audit   '@esbuild/win32-arm64': [ '0.25.9' ],
14 silly audit   '@esbuild/win32-ia32': [ '0.25.9' ],
14 silly audit   '@esbuild/win32-x64': [ '0.25.9' ],
14 silly audit   '@figspec/components': [ '1.0.3' ],
14 silly audit   '@lit/reactive-element': [ '1.6.3', '2.1.1' ],
14 silly audit   lit: [ '2.8.0', '3.3.1' ],
14 silly audit   'lit-element': [ '3.3.3', '4.2.1' ],
14 silly audit   'lit-html': [ '2.8.0', '3.3.1' ],
14 silly audit   '@figspec/react': [ '1.0.4' ],
14 silly audit   '@isaacs/cliui': [ '8.0.2' ],
14 silly audit   '@istanbuljs/schema': [ '0.1.3' ],
14 silly audit   '@jridgewell/gen-mapping': [ '0.3.13' ],
14 silly audit   '@jridgewell/resolve-uri': [ '3.1.2' ],
14 silly audit   '@jridgewell/sourcemap-codec': [ '1.5.5' ],
14 silly audit   '@jridgewell/trace-mapping': [ '0.3.31' ],
14 silly audit   '@lit-labs/react': [ '1.2.1' ],
14 silly audit   '@lit-labs/ssr-dom-shim': [ '1.4.0' ],
14 silly audit   '@mdx-js/react': [ '3.1.1' ],
14 silly audit   '@neoconfetti/react': [ '1.0.0' ],
14 silly audit   '@pkgjs/parseargs': [ '0.11.0' ],
14 silly audit   '@polka/url': [ '1.0.0-next.29' ],
14 silly audit   '@rollup/rollup-android-arm-eabi': [ '4.50.1' ],
14 silly audit   '@rollup/rollup-android-arm64': [ '4.50.1' ],
14 silly audit   '@rollup/rollup-darwin-arm64': [ '4.50.1' ],
14 silly audit   '@rollup/rollup-darwin-x64': [ '4.50.1' ],
14 silly audit   '@rollup/rollup-freebsd-arm64': [ '4.50.1' ],
14 silly audit   '@rollup/rollup-freebsd-x64': [ '4.50.1' ],
14 silly audit   '@rollup/rollup-linux-arm-gnueabihf': [ '4.50.1' ],
14 silly audit   '@rollup/rollup-linux-arm-musleabihf': [ '4.50.1' ],
14 silly audit   '@rollup/rollup-linux-arm64-gnu': [ '4.50.1' ],
14 silly audit   '@rollup/rollup-linux-arm64-musl': [ '4.50.1' ],
14 silly audit   '@rollup/rollup-linux-loongarch64-gnu': [ '4.50.1' ],
14 silly audit   '@rollup/rollup-linux-ppc64-gnu': [ '4.50.1' ],
14 silly audit   '@rollup/rollup-linux-riscv64-gnu': [ '4.50.1' ],
14 silly audit   '@rollup/rollup-linux-riscv64-musl': [ '4.50.1' ],
14 silly audit   '@rollup/rollup-linux-s390x-gnu': [ '4.50.1' ],
14 silly audit   '@rollup/rollup-linux-x64-gnu': [ '4.50.1' ],
14 silly audit   '@rollup/rollup-linux-x64-musl': [ '4.50.1' ],
14 silly audit   '@rollup/rollup-openharmony-arm64': [ '4.50.1' ],
14 silly audit   '@rollup/rollup-win32-arm64-msvc': [ '4.50.1' ],
14 silly audit   '@rollup/rollup-win32-ia32-msvc': [ '4.50.1' ],
14 silly audit   '@rollup/rollup-win32-x64-msvc': [ '4.50.1' ],
14 silly audit   '@storybook/addon-a11y': [ '9.1.5' ],
14 silly audit   '@storybook/addon-designs': [ '10.0.2' ],
14 silly audit   '@storybook/addon-docs': [ '9.1.5' ],
14 silly audit   '@storybook/addon-vitest': [ '9.1.5' ],
14 silly audit   '@storybook/builder-vite': [ '9.1.5' ],
14 silly audit   '@storybook/csf-plugin': [ '9.1.5' ],
14 silly audit   '@storybook/global': [ '5.0.0' ],
14 silly audit   '@storybook/icons': [ '1.4.0' ],
14 silly audit   '@storybook/react': [ '9.1.5' ],
14 silly audit   '@storybook/react-dom-shim': [ '9.1.5' ],
14 silly audit   '@storybook/web-components': [ '9.1.5' ],
14 silly audit   '@storybook/web-components-vite': [ '9.1.5' ],
14 silly audit   '@testing-library/dom': [ '10.4.1' ],
14 silly audit   '@testing-library/jest-dom': [ '6.8.0' ],
14 silly audit   'dom-accessibility-api': [ '0.6.3', '0.5.16' ],
14 silly audit   '@testing-library/user-event': [ '14.6.1' ],
14 silly audit   '@types/aria-query': [ '5.0.4' ],
14 silly audit   '@types/chai': [ '5.2.2' ],
14 silly audit   '@types/deep-eql': [ '4.0.2' ],
14 silly audit   '@types/estree': [ '1.0.8' ],
14 silly audit   '@types/mdx': [ '2.0.13' ],
14 silly audit   '@types/react': [ '19.1.12' ],
14 silly audit   '@types/trusted-types': [ '2.0.7' ],
14 silly audit   '@vitest/browser': [ '3.2.4' ],
14 silly audit   '@vitest/coverage-v8': [ '3.2.4' ],
14 silly audit   '@vitest/expect': [ '3.2.4' ],
14 silly audit   '@vitest/mocker': [ '3.2.4' ],
14 silly audit   '@vitest/pretty-format': [ '3.2.4' ],
14 silly audit   '@vitest/runner': [ '3.2.4' ],
14 silly audit   '@vitest/snapshot': [ '3.2.4' ],
14 silly audit   '@vitest/spy': [ '3.2.4' ],
14 silly audit   '@vitest/utils': [ '3.2.4' ],
14 silly audit   acorn: [ '8.15.0' ],
14 silly audit   'ansi-regex': [ '5.0.1', '6.2.2' ],
14 silly audit   'ansi-styles': [ '5.2.0', '4.3.0', '6.2.3' ],
14 silly audit   'aria-query': [ '5.3.0' ],
14 silly audit   'assertion-error': [ '2.0.1' ],
14 silly audit   'ast-types': [ '0.16.1' ],
14 silly audit   'ast-v8-to-istanbul': [ '0.3.5' ],
14 silly audit   'js-tokens': [ '9.0.1', '4.0.0' ],
14 silly audit   'axe-core': [ '4.10.3' ],
14 silly audit   'balanced-match': [ '1.0.2' ],
14 silly audit   'better-opn': [ '3.0.2' ],
14 silly audit   'brace-expansion': [ '2.0.2' ],
14 silly audit   cac: [ '6.7.14' ],
14 silly audit   chai: [ '5.3.3' ],
14 silly audit   'check-error': [ '2.1.1' ],
14 silly audit   'color-convert': [ '2.0.1' ],
14 silly audit   'color-name': [ '1.1.4' ],
14 silly audit   'cross-spawn': [ '7.0.6' ],
14 silly audit   'css.escape': [ '1.5.1' ],
14 silly audit   csstype: [ '3.1.3' ],
14 silly audit   debug: [ '4.4.1' ],
14 silly audit   'deep-eql': [ '5.0.2' ],
14 silly audit   'define-lazy-prop': [ '2.0.0' ],
14 silly audit   dequal: [ '2.0.3' ],
14 silly audit   eastasianwidth: [ '0.2.0' ],
14 silly audit   'emoji-regex': [ '9.2.2', '8.0.0' ],
14 silly audit   'es-module-lexer': [ '1.7.0' ],
14 silly audit   esbuild: [ '0.25.9' ],
14 silly audit   'esbuild-register': [ '3.6.0' ],
14 silly audit   esprima: [ '4.0.1' ],
14 silly audit   'estree-walker': [ '3.0.3' ],
14 silly audit   'expect-type': [ '1.2.2' ],
14 silly audit   fdir: [ '6.5.0' ],
14 silly audit   filesize: [ '10.1.6' ],
14 silly audit   'foreground-child': [ '3.3.1' ],
14 silly audit   fsevents: [ '2.3.3', '2.3.2' ],
14 silly audit   glob: [ '10.4.5' ],
14 silly audit   'graceful-fs': [ '4.2.11' ],
14 silly audit   'has-flag': [ '4.0.0' ],
14 silly audit   'html-escaper': [ '2.0.2' ],
14 silly audit   'indent-string': [ '4.0.0' ],
14 silly audit   'is-docker': [ '2.2.1' ],
14 silly audit   'is-fullwidth-code-point': [ '3.0.0' ],
14 silly audit   'is-wsl': [ '2.2.0' ],
14 silly audit   isexe: [ '2.0.0' ],
14 silly audit   'istanbul-lib-coverage': [ '3.2.2' ],
14 silly audit   'istanbul-lib-report': [ '3.0.1' ],
14 silly audit   'istanbul-lib-source-maps': [ '5.0.6' ],
14 silly audit   'istanbul-reports': [ '3.2.0' ],
14 silly audit   jackspeak: [ '3.4.3' ],
14 silly audit   jsonfile: [ '6.2.0' ],
14 silly audit   kleur: [ '3.0.3' ],
14 silly audit   loupe: [ '3.2.1' ],
14 silly audit   'lru-cache': [ '10.4.3' ],
14 silly audit   'lz-string': [ '1.5.0' ],
14 silly audit   'magic-string': [ '0.30.19' ],
14 silly audit   magicast: [ '0.3.5' ],
14 silly audit   'make-dir': [ '4.0.0' ],
14 silly audit   'min-indent': [ '1.0.1' ],
14 silly audit   minimatch: [ '9.0.5' ],
14 silly audit   minipass: [ '7.1.2' ],
14 silly audit   mrmime: [ '2.0.1' ],
14 silly audit   ms: [ '2.1.3' ],
14 silly audit   nanoid: [ '3.3.11' ],
14 silly audit   open: [ '8.4.2' ],
14 silly audit   'package-json-from-dist': [ '1.0.1' ],
14 silly audit   'path-key': [ '3.1.1' ],
14 silly audit   'path-scurry': [ '1.11.1' ],
14 silly audit   pathe: [ '2.0.3' ],
14 silly audit   pathval: [ '2.0.1' ],
14 silly audit   picocolors: [ '1.1.1' ],
14 silly audit   picomatch: [ '4.0.3' ],
14 silly audit   playwright: [ '1.55.0' ],
14 silly audit   'playwright-core': [ '1.55.0' ],
14 silly audit   postcss: [ '8.5.6' ],
14 silly audit   'pretty-format': [ '27.5.1' ],
14 silly audit   prompts: [ '2.4.2' ],
14 silly audit   react: [ '19.1.1' ],
14 silly audit   'react-dom': [ '19.1.1' ],
14 silly audit   'react-is': [ '17.0.2' ],
14 silly audit   recast: [ '0.23.11' ],
14 silly audit   redent: [ '3.0.0' ],
14 silly audit   rollup: [ '4.50.1' ],
14 silly audit   scheduler: [ '0.26.0' ],
14 silly audit   semver: [ '7.7.2' ],
14 silly audit   'shebang-command': [ '2.0.0' ],
14 silly audit   'shebang-regex': [ '3.0.0' ],
14 silly audit   siginfo: [ '2.0.0' ],
14 silly audit   'signal-exit': [ '4.1.0' ],
14 silly audit   sirv: [ '3.0.2' ],
14 silly audit   sisteransi: [ '1.0.5' ],
14 silly audit   'source-map': [ '0.6.1' ],
14 silly audit   'source-map-js': [ '1.2.1' ],
14 silly audit   stackback: [ '0.0.2' ],
14 silly audit   'std-env': [ '3.9.0' ],
14 silly audit   storybook: [ '9.1.5' ],
14 silly audit   'storybook-addon-designs': [ '6.3.1' ],
14 silly audit   'string-width': [ '5.1.2', '4.2.3' ],
14 silly audit   'strip-ansi': [ '6.0.1', '7.1.2' ],
14 silly audit   'strip-indent': [ '3.0.0' ],
14 silly audit   'strip-literal': [ '3.0.0' ],
14 silly audit   'supports-color': [ '7.2.0' ],
14 silly audit   'test-exclude': [ '7.0.1' ],
14 silly audit   'tiny-invariant': [ '1.3.3' ],
14 silly audit   tinybench: [ '2.9.0' ],
14 silly audit   tinyexec: [ '0.3.2' ],
14 silly audit   tinyglobby: [ '0.2.15' ],
14 silly audit   tinypool: [ '1.1.1' ],
14 silly audit   tinyrainbow: [ '2.0.0' ],
14 silly audit   tinyspy: [ '4.0.3' ],
14 silly audit   totalist: [ '3.0.1' ],
14 silly audit   'ts-dedent': [ '2.2.0' ],
14 silly audit   tslib: [ '2.8.1' ],
14 silly audit   universalify: [ '2.0.1' ],
14 silly audit   unplugin: [ '1.16.1' ],
14 silly audit   vite: [ '7.1.5' ],
14 silly audit   'vite-node': [ '3.2.4' ],
14 silly audit   vitest: [ '3.2.4' ],
14 silly audit   'webpack-virtual-modules': [ '0.6.2' ],
14 silly audit   which: [ '2.0.2' ],
14 silly audit   'why-is-node-running': [ '2.3.0' ],
14 silly audit   'wrap-ansi': [ '8.1.0', '7.0.0' ],
14 silly audit   ws: [ '8.18.3' ]
14 silly audit }
15 http fetch POST 200 https://registry.npmjs.org/-/npm/v1/security/advisories/bulk 331ms
16 silly audit report {}
17 verbose cwd /Users/likyung
18 verbose os Darwin 23.4.0
19 verbose node v22.19.0
20 verbose npm  v10.9.3
21 verbose exit 0
22 info ok
