0 verbose cli /usr/local/bin/node /usr/local/bin/npm
1 info using npm@10.9.3
2 info using node@v22.19.0
3 silly config load:file:/usr/local/lib/node_modules/npm/npmrc
4 silly config load:file:/Users/likyung/.npmrc
5 silly config load:file:/usr/local/etc/npmrc
6 verbose title npm install
7 verbose argv "install"
8 verbose logfile logs-max:10 dir:/Users/likyung/.npm/_logs/2025-09-15T00_43_56_794Z-
9 verbose logfile /Users/likyung/.npm/_logs/2025-09-15T00_43_56_794Z-debug-0.log
10 silly logfile start cleaning logs, removing 1 files
11 silly packumentCache heap:4345298944 maxSize:1086324736 maxEntrySize:543162368
12 silly logfile done cleaning log files
13 silly idealTree buildDeps
14 verbose shrinkwrap failed to load node_modules/.package-lock.json missing from node_modules: node_modules/@esbuild/aix-ppc64
15 silly reify moves {}
16 silly audit bulk request {
16 silly audit   '@adobe/css-tools': [ '4.4.4' ],
16 silly audit   '@ampproject/remapping': [ '2.3.0' ],
16 silly audit   '@babel/code-frame': [ '7.27.1' ],
16 silly audit   '@babel/helper-string-parser': [ '7.27.1' ],
16 silly audit   '@babel/helper-validator-identifier': [ '7.27.1' ],
16 silly audit   '@babel/parser': [ '7.28.4' ],
16 silly audit   '@babel/runtime': [ '7.28.4' ],
16 silly audit   '@babel/types': [ '7.28.4' ],
16 silly audit   '@bcoe/v8-coverage': [ '1.0.2' ],
16 silly audit   '@chromatic-com/storybook': [ '4.1.1' ],
16 silly audit   chromatic: [ '12.2.0', '13.1.4' ],
16 silly audit   '@esbuild/aix-ppc64': [ '0.25.9' ],
16 silly audit   '@esbuild/android-arm': [ '0.25.9' ],
16 silly audit   '@esbuild/android-arm64': [ '0.25.9' ],
16 silly audit   '@esbuild/android-x64': [ '0.25.9' ],
16 silly audit   '@esbuild/darwin-arm64': [ '0.25.9' ],
16 silly audit   '@esbuild/darwin-x64': [ '0.25.9' ],
16 silly audit   '@esbuild/freebsd-arm64': [ '0.25.9' ],
16 silly audit   '@esbuild/freebsd-x64': [ '0.25.9' ],
16 silly audit   '@esbuild/linux-arm': [ '0.25.9' ],
16 silly audit   '@esbuild/linux-arm64': [ '0.25.9' ],
16 silly audit   '@esbuild/linux-ia32': [ '0.25.9' ],
16 silly audit   '@esbuild/linux-loong64': [ '0.25.9' ],
16 silly audit   '@esbuild/linux-mips64el': [ '0.25.9' ],
16 silly audit   '@esbuild/linux-ppc64': [ '0.25.9' ],
16 silly audit   '@esbuild/linux-riscv64': [ '0.25.9' ],
16 silly audit   '@esbuild/linux-s390x': [ '0.25.9' ],
16 silly audit   '@esbuild/linux-x64': [ '0.25.9' ],
16 silly audit   '@esbuild/netbsd-arm64': [ '0.25.9' ],
16 silly audit   '@esbuild/netbsd-x64': [ '0.25.9' ],
16 silly audit   '@esbuild/openbsd-arm64': [ '0.25.9' ],
16 silly audit   '@esbuild/openbsd-x64': [ '0.25.9' ],
16 silly audit   '@esbuild/openharmony-arm64': [ '0.25.9' ],
16 silly audit   '@esbuild/sunos-x64': [ '0.25.9' ],
16 silly audit   '@esbuild/win32-arm64': [ '0.25.9' ],
16 silly audit   '@esbuild/win32-ia32': [ '0.25.9' ],
16 silly audit   '@esbuild/win32-x64': [ '0.25.9' ],
16 silly audit   '@figspec/components': [ '1.0.3' ],
16 silly audit   '@lit/reactive-element': [ '1.6.3', '2.1.1' ],
16 silly audit   lit: [ '2.8.0', '3.3.1' ],
16 silly audit   'lit-element': [ '3.3.3', '4.2.1' ],
16 silly audit   'lit-html': [ '2.8.0', '3.3.1' ],
16 silly audit   '@figspec/react': [ '1.0.4' ],
16 silly audit   '@isaacs/cliui': [ '8.0.2' ],
16 silly audit   '@istanbuljs/schema': [ '0.1.3' ],
16 silly audit   '@jridgewell/gen-mapping': [ '0.3.13' ],
16 silly audit   '@jridgewell/resolve-uri': [ '3.1.2' ],
16 silly audit   '@jridgewell/sourcemap-codec': [ '1.5.5' ],
16 silly audit   '@jridgewell/trace-mapping': [ '0.3.31' ],
16 silly audit   '@lit-labs/react': [ '1.2.1' ],
16 silly audit   '@lit-labs/ssr-dom-shim': [ '1.4.0' ],
16 silly audit   '@mdx-js/react': [ '3.1.1' ],
16 silly audit   '@neoconfetti/react': [ '1.0.0' ],
16 silly audit   '@pkgjs/parseargs': [ '0.11.0' ],
16 silly audit   '@polka/url': [ '1.0.0-next.29' ],
16 silly audit   '@rollup/rollup-android-arm-eabi': [ '4.50.1' ],
16 silly audit   '@rollup/rollup-android-arm64': [ '4.50.1' ],
16 silly audit   '@rollup/rollup-darwin-arm64': [ '4.50.1' ],
16 silly audit   '@rollup/rollup-darwin-x64': [ '4.50.1' ],
16 silly audit   '@rollup/rollup-freebsd-arm64': [ '4.50.1' ],
16 silly audit   '@rollup/rollup-freebsd-x64': [ '4.50.1' ],
16 silly audit   '@rollup/rollup-linux-arm-gnueabihf': [ '4.50.1' ],
16 silly audit   '@rollup/rollup-linux-arm-musleabihf': [ '4.50.1' ],
16 silly audit   '@rollup/rollup-linux-arm64-gnu': [ '4.50.1' ],
16 silly audit   '@rollup/rollup-linux-arm64-musl': [ '4.50.1' ],
16 silly audit   '@rollup/rollup-linux-loongarch64-gnu': [ '4.50.1' ],
16 silly audit   '@rollup/rollup-linux-ppc64-gnu': [ '4.50.1' ],
16 silly audit   '@rollup/rollup-linux-riscv64-gnu': [ '4.50.1' ],
16 silly audit   '@rollup/rollup-linux-riscv64-musl': [ '4.50.1' ],
16 silly audit   '@rollup/rollup-linux-s390x-gnu': [ '4.50.1' ],
16 silly audit   '@rollup/rollup-linux-x64-gnu': [ '4.50.1' ],
16 silly audit   '@rollup/rollup-linux-x64-musl': [ '4.50.1' ],
16 silly audit   '@rollup/rollup-openharmony-arm64': [ '4.50.1' ],
16 silly audit   '@rollup/rollup-win32-arm64-msvc': [ '4.50.1' ],
16 silly audit   '@rollup/rollup-win32-ia32-msvc': [ '4.50.1' ],
16 silly audit   '@rollup/rollup-win32-x64-msvc': [ '4.50.1' ],
16 silly audit   '@storybook/addon-a11y': [ '9.1.5' ],
16 silly audit   '@storybook/addon-designs': [ '10.0.2' ],
16 silly audit   '@storybook/addon-docs': [ '9.1.5' ],
16 silly audit   '@storybook/addon-vitest': [ '9.1.5' ],
16 silly audit   '@storybook/builder-vite': [ '9.1.5' ],
16 silly audit   '@storybook/csf-plugin': [ '9.1.5' ],
16 silly audit   '@storybook/global': [ '5.0.0' ],
16 silly audit   '@storybook/icons': [ '1.4.0' ],
16 silly audit   '@storybook/react': [ '9.1.5' ],
16 silly audit   '@storybook/react-dom-shim': [ '9.1.5' ],
16 silly audit   '@storybook/web-components': [ '9.1.5' ],
16 silly audit   '@storybook/web-components-vite': [ '9.1.5' ],
16 silly audit   '@testing-library/dom': [ '10.4.1' ],
16 silly audit   '@testing-library/jest-dom': [ '6.8.0' ],
16 silly audit   'dom-accessibility-api': [ '0.6.3', '0.5.16' ],
16 silly audit   '@testing-library/user-event': [ '14.6.1' ],
16 silly audit   '@types/aria-query': [ '5.0.4' ],
16 silly audit   '@types/chai': [ '5.2.2' ],
16 silly audit   '@types/deep-eql': [ '4.0.2' ],
16 silly audit   '@types/estree': [ '1.0.8' ],
16 silly audit   '@types/mdx': [ '2.0.13' ],
16 silly audit   '@types/react': [ '19.1.12' ],
16 silly audit   '@types/trusted-types': [ '2.0.7' ],
16 silly audit   '@vitest/browser': [ '3.2.4' ],
16 silly audit   '@vitest/coverage-v8': [ '3.2.4' ],
16 silly audit   '@vitest/expect': [ '3.2.4' ],
16 silly audit   '@vitest/mocker': [ '3.2.4' ],
16 silly audit   '@vitest/pretty-format': [ '3.2.4' ],
16 silly audit   '@vitest/runner': [ '3.2.4' ],
16 silly audit   '@vitest/snapshot': [ '3.2.4' ],
16 silly audit   '@vitest/spy': [ '3.2.4' ],
16 silly audit   '@vitest/utils': [ '3.2.4' ],
16 silly audit   acorn: [ '8.15.0' ],
16 silly audit   'ansi-regex': [ '5.0.1', '6.2.2' ],
16 silly audit   'ansi-styles': [ '5.2.0', '4.3.0', '6.2.3' ],
16 silly audit   'aria-query': [ '5.3.0' ],
16 silly audit   'assertion-error': [ '2.0.1' ],
16 silly audit   'ast-types': [ '0.16.1' ],
16 silly audit   'ast-v8-to-istanbul': [ '0.3.5' ],
16 silly audit   'js-tokens': [ '9.0.1', '4.0.0' ],
16 silly audit   'axe-core': [ '4.10.3' ],
16 silly audit   'balanced-match': [ '1.0.2' ],
16 silly audit   'better-opn': [ '3.0.2' ],
16 silly audit   'brace-expansion': [ '2.0.2' ],
16 silly audit   cac: [ '6.7.14' ],
16 silly audit   chai: [ '5.3.3' ],
16 silly audit   'check-error': [ '2.1.1' ],
16 silly audit   'color-convert': [ '2.0.1' ],
16 silly audit   'color-name': [ '1.1.4' ],
16 silly audit   'cross-spawn': [ '7.0.6' ],
16 silly audit   'css.escape': [ '1.5.1' ],
16 silly audit   csstype: [ '3.1.3' ],
16 silly audit   debug: [ '4.4.1' ],
16 silly audit   'deep-eql': [ '5.0.2' ],
16 silly audit   'define-lazy-prop': [ '2.0.0' ],
16 silly audit   dequal: [ '2.0.3' ],
16 silly audit   eastasianwidth: [ '0.2.0' ],
16 silly audit   'emoji-regex': [ '9.2.2', '8.0.0' ],
16 silly audit   'es-module-lexer': [ '1.7.0' ],
16 silly audit   esbuild: [ '0.25.9' ],
16 silly audit   'esbuild-register': [ '3.6.0' ],
16 silly audit   esprima: [ '4.0.1' ],
16 silly audit   'estree-walker': [ '3.0.3' ],
16 silly audit   'expect-type': [ '1.2.2' ],
16 silly audit   fdir: [ '6.5.0' ],
16 silly audit   filesize: [ '10.1.6' ],
16 silly audit   'foreground-child': [ '3.3.1' ],
16 silly audit   fsevents: [ '2.3.3', '2.3.2' ],
16 silly audit   glob: [ '10.4.5' ],
16 silly audit   'graceful-fs': [ '4.2.11' ],
16 silly audit   'has-flag': [ '4.0.0' ],
16 silly audit   'html-escaper': [ '2.0.2' ],
16 silly audit   'indent-string': [ '4.0.0' ],
16 silly audit   'is-docker': [ '2.2.1' ],
16 silly audit   'is-fullwidth-code-point': [ '3.0.0' ],
16 silly audit   'is-wsl': [ '2.2.0' ],
16 silly audit   isexe: [ '2.0.0' ],
16 silly audit   'istanbul-lib-coverage': [ '3.2.2' ],
16 silly audit   'istanbul-lib-report': [ '3.0.1' ],
16 silly audit   'istanbul-lib-source-maps': [ '5.0.6' ],
16 silly audit   'istanbul-reports': [ '3.2.0' ],
16 silly audit   jackspeak: [ '3.4.3' ],
16 silly audit   jsonfile: [ '6.2.0' ],
16 silly audit   kleur: [ '3.0.3' ],
16 silly audit   loupe: [ '3.2.1' ],
16 silly audit   'lru-cache': [ '10.4.3' ],
16 silly audit   'lz-string': [ '1.5.0' ],
16 silly audit   'magic-string': [ '0.30.19' ],
16 silly audit   magicast: [ '0.3.5' ],
16 silly audit   'make-dir': [ '4.0.0' ],
16 silly audit   'min-indent': [ '1.0.1' ],
16 silly audit   minimatch: [ '9.0.5' ],
16 silly audit   minipass: [ '7.1.2' ],
16 silly audit   mrmime: [ '2.0.1' ],
16 silly audit   ms: [ '2.1.3' ],
16 silly audit   nanoid: [ '3.3.11' ],
16 silly audit   open: [ '8.4.2' ],
16 silly audit   'package-json-from-dist': [ '1.0.1' ],
16 silly audit   'path-key': [ '3.1.1' ],
16 silly audit   'path-scurry': [ '1.11.1' ],
16 silly audit   pathe: [ '2.0.3' ],
16 silly audit   pathval: [ '2.0.1' ],
16 silly audit   picocolors: [ '1.1.1' ],
16 silly audit   picomatch: [ '4.0.3' ],
16 silly audit   playwright: [ '1.55.0' ],
16 silly audit   'playwright-core': [ '1.55.0' ],
16 silly audit   postcss: [ '8.5.6' ],
16 silly audit   'pretty-format': [ '27.5.1' ],
16 silly audit   prompts: [ '2.4.2' ],
16 silly audit   react: [ '19.1.1' ],
16 silly audit   'react-dom': [ '19.1.1' ],
16 silly audit   'react-is': [ '17.0.2' ],
16 silly audit   recast: [ '0.23.11' ],
16 silly audit   redent: [ '3.0.0' ],
16 silly audit   rollup: [ '4.50.1' ],
16 silly audit   scheduler: [ '0.26.0' ],
16 silly audit   semver: [ '7.7.2' ],
16 silly audit   'shebang-command': [ '2.0.0' ],
16 silly audit   'shebang-regex': [ '3.0.0' ],
16 silly audit   siginfo: [ '2.0.0' ],
16 silly audit   'signal-exit': [ '4.1.0' ],
16 silly audit   sirv: [ '3.0.2' ],
16 silly audit   sisteransi: [ '1.0.5' ],
16 silly audit   'source-map': [ '0.6.1' ],
16 silly audit   'source-map-js': [ '1.2.1' ],
16 silly audit   stackback: [ '0.0.2' ],
16 silly audit   'std-env': [ '3.9.0' ],
16 silly audit   storybook: [ '9.1.5' ],
16 silly audit   'storybook-addon-designs': [ '6.3.1' ],
16 silly audit   'string-width': [ '5.1.2', '4.2.3' ],
16 silly audit   'strip-ansi': [ '6.0.1', '7.1.2' ],
16 silly audit   'strip-indent': [ '3.0.0' ],
16 silly audit   'strip-literal': [ '3.0.0' ],
16 silly audit   'supports-color': [ '7.2.0' ],
16 silly audit   'test-exclude': [ '7.0.1' ],
16 silly audit   'tiny-invariant': [ '1.3.3' ],
16 silly audit   tinybench: [ '2.9.0' ],
16 silly audit   tinyexec: [ '0.3.2' ],
16 silly audit   tinyglobby: [ '0.2.15' ],
16 silly audit   tinypool: [ '1.1.1' ],
16 silly audit   tinyrainbow: [ '2.0.0' ],
16 silly audit   tinyspy: [ '4.0.3' ],
16 silly audit   totalist: [ '3.0.1' ],
16 silly audit   'ts-dedent': [ '2.2.0' ],
16 silly audit   tslib: [ '2.8.1' ],
16 silly audit   universalify: [ '2.0.1' ],
16 silly audit   unplugin: [ '1.16.1' ],
16 silly audit   vite: [ '7.1.5' ],
16 silly audit   'vite-node': [ '3.2.4' ],
16 silly audit   vitest: [ '3.2.4' ],
16 silly audit   'webpack-virtual-modules': [ '0.6.2' ],
16 silly audit   which: [ '2.0.2' ],
16 silly audit   'why-is-node-running': [ '2.3.0' ],
16 silly audit   'wrap-ansi': [ '8.1.0', '7.0.0' ],
16 silly audit   ws: [ '8.18.3' ]
16 silly audit }
17 verbose reify failed optional dependency /Users/likyung/node_modules/@rollup/rollup-win32-x64-msvc
18 silly reify mark deleted [ '/Users/likyung/node_modules/@rollup/rollup-win32-x64-msvc' ]
19 verbose reify failed optional dependency /Users/likyung/node_modules/@rollup/rollup-win32-ia32-msvc
20 silly reify mark deleted [ '/Users/likyung/node_modules/@rollup/rollup-win32-ia32-msvc' ]
21 verbose reify failed optional dependency /Users/likyung/node_modules/@rollup/rollup-win32-arm64-msvc
22 silly reify mark deleted [ '/Users/likyung/node_modules/@rollup/rollup-win32-arm64-msvc' ]
23 verbose reify failed optional dependency /Users/likyung/node_modules/@rollup/rollup-openharmony-arm64
24 silly reify mark deleted [ '/Users/likyung/node_modules/@rollup/rollup-openharmony-arm64' ]
25 verbose reify failed optional dependency /Users/likyung/node_modules/@rollup/rollup-linux-x64-musl
26 silly reify mark deleted [ '/Users/likyung/node_modules/@rollup/rollup-linux-x64-musl' ]
27 verbose reify failed optional dependency /Users/likyung/node_modules/@rollup/rollup-linux-x64-gnu
28 silly reify mark deleted [ '/Users/likyung/node_modules/@rollup/rollup-linux-x64-gnu' ]
29 verbose reify failed optional dependency /Users/likyung/node_modules/@rollup/rollup-linux-s390x-gnu
30 silly reify mark deleted [ '/Users/likyung/node_modules/@rollup/rollup-linux-s390x-gnu' ]
31 verbose reify failed optional dependency /Users/likyung/node_modules/@rollup/rollup-linux-riscv64-musl
32 silly reify mark deleted [ '/Users/likyung/node_modules/@rollup/rollup-linux-riscv64-musl' ]
33 verbose reify failed optional dependency /Users/likyung/node_modules/@rollup/rollup-linux-riscv64-gnu
34 silly reify mark deleted [ '/Users/likyung/node_modules/@rollup/rollup-linux-riscv64-gnu' ]
35 verbose reify failed optional dependency /Users/likyung/node_modules/@rollup/rollup-linux-ppc64-gnu
36 silly reify mark deleted [ '/Users/likyung/node_modules/@rollup/rollup-linux-ppc64-gnu' ]
37 verbose reify failed optional dependency /Users/likyung/node_modules/@rollup/rollup-linux-loongarch64-gnu
38 silly reify mark deleted [ '/Users/likyung/node_modules/@rollup/rollup-linux-loongarch64-gnu' ]
39 verbose reify failed optional dependency /Users/likyung/node_modules/@rollup/rollup-linux-arm64-musl
40 silly reify mark deleted [ '/Users/likyung/node_modules/@rollup/rollup-linux-arm64-musl' ]
41 verbose reify failed optional dependency /Users/likyung/node_modules/@rollup/rollup-linux-arm64-gnu
42 silly reify mark deleted [ '/Users/likyung/node_modules/@rollup/rollup-linux-arm64-gnu' ]
43 verbose reify failed optional dependency /Users/likyung/node_modules/@rollup/rollup-linux-arm-musleabihf
44 silly reify mark deleted [ '/Users/likyung/node_modules/@rollup/rollup-linux-arm-musleabihf' ]
45 verbose reify failed optional dependency /Users/likyung/node_modules/@rollup/rollup-linux-arm-gnueabihf
46 silly reify mark deleted [ '/Users/likyung/node_modules/@rollup/rollup-linux-arm-gnueabihf' ]
47 verbose reify failed optional dependency /Users/likyung/node_modules/@rollup/rollup-freebsd-x64
48 silly reify mark deleted [ '/Users/likyung/node_modules/@rollup/rollup-freebsd-x64' ]
49 verbose reify failed optional dependency /Users/likyung/node_modules/@rollup/rollup-freebsd-arm64
50 silly reify mark deleted [ '/Users/likyung/node_modules/@rollup/rollup-freebsd-arm64' ]
51 verbose reify failed optional dependency /Users/likyung/node_modules/@rollup/rollup-darwin-x64
52 silly reify mark deleted [ '/Users/likyung/node_modules/@rollup/rollup-darwin-x64' ]
53 verbose reify failed optional dependency /Users/likyung/node_modules/@rollup/rollup-android-arm64
54 silly reify mark deleted [ '/Users/likyung/node_modules/@rollup/rollup-android-arm64' ]
55 verbose reify failed optional dependency /Users/likyung/node_modules/@rollup/rollup-android-arm-eabi
56 silly reify mark deleted [ '/Users/likyung/node_modules/@rollup/rollup-android-arm-eabi' ]
57 verbose reify failed optional dependency /Users/likyung/node_modules/@esbuild/win32-x64
58 silly reify mark deleted [ '/Users/likyung/node_modules/@esbuild/win32-x64' ]
59 verbose reify failed optional dependency /Users/likyung/node_modules/@esbuild/win32-ia32
60 silly reify mark deleted [ '/Users/likyung/node_modules/@esbuild/win32-ia32' ]
61 verbose reify failed optional dependency /Users/likyung/node_modules/@esbuild/win32-arm64
62 silly reify mark deleted [ '/Users/likyung/node_modules/@esbuild/win32-arm64' ]
63 verbose reify failed optional dependency /Users/likyung/node_modules/@esbuild/sunos-x64
64 silly reify mark deleted [ '/Users/likyung/node_modules/@esbuild/sunos-x64' ]
65 verbose reify failed optional dependency /Users/likyung/node_modules/@esbuild/openharmony-arm64
66 silly reify mark deleted [ '/Users/likyung/node_modules/@esbuild/openharmony-arm64' ]
67 verbose reify failed optional dependency /Users/likyung/node_modules/@esbuild/openbsd-x64
68 silly reify mark deleted [ '/Users/likyung/node_modules/@esbuild/openbsd-x64' ]
69 verbose reify failed optional dependency /Users/likyung/node_modules/@esbuild/openbsd-arm64
70 silly reify mark deleted [ '/Users/likyung/node_modules/@esbuild/openbsd-arm64' ]
71 verbose reify failed optional dependency /Users/likyung/node_modules/@esbuild/netbsd-x64
72 silly reify mark deleted [ '/Users/likyung/node_modules/@esbuild/netbsd-x64' ]
73 verbose reify failed optional dependency /Users/likyung/node_modules/@esbuild/netbsd-arm64
74 silly reify mark deleted [ '/Users/likyung/node_modules/@esbuild/netbsd-arm64' ]
75 verbose reify failed optional dependency /Users/likyung/node_modules/@esbuild/linux-x64
76 silly reify mark deleted [ '/Users/likyung/node_modules/@esbuild/linux-x64' ]
77 verbose reify failed optional dependency /Users/likyung/node_modules/@esbuild/linux-s390x
78 silly reify mark deleted [ '/Users/likyung/node_modules/@esbuild/linux-s390x' ]
79 verbose reify failed optional dependency /Users/likyung/node_modules/@esbuild/linux-riscv64
80 silly reify mark deleted [ '/Users/likyung/node_modules/@esbuild/linux-riscv64' ]
81 verbose reify failed optional dependency /Users/likyung/node_modules/@esbuild/linux-ppc64
82 silly reify mark deleted [ '/Users/likyung/node_modules/@esbuild/linux-ppc64' ]
83 verbose reify failed optional dependency /Users/likyung/node_modules/@esbuild/linux-mips64el
84 silly reify mark deleted [ '/Users/likyung/node_modules/@esbuild/linux-mips64el' ]
85 verbose reify failed optional dependency /Users/likyung/node_modules/@esbuild/linux-loong64
86 silly reify mark deleted [ '/Users/likyung/node_modules/@esbuild/linux-loong64' ]
87 verbose reify failed optional dependency /Users/likyung/node_modules/@esbuild/linux-ia32
88 silly reify mark deleted [ '/Users/likyung/node_modules/@esbuild/linux-ia32' ]
89 verbose reify failed optional dependency /Users/likyung/node_modules/@esbuild/linux-arm64
90 silly reify mark deleted [ '/Users/likyung/node_modules/@esbuild/linux-arm64' ]
91 verbose reify failed optional dependency /Users/likyung/node_modules/@esbuild/linux-arm
92 silly reify mark deleted [ '/Users/likyung/node_modules/@esbuild/linux-arm' ]
93 verbose reify failed optional dependency /Users/likyung/node_modules/@esbuild/freebsd-x64
94 silly reify mark deleted [ '/Users/likyung/node_modules/@esbuild/freebsd-x64' ]
95 verbose reify failed optional dependency /Users/likyung/node_modules/@esbuild/freebsd-arm64
96 silly reify mark deleted [ '/Users/likyung/node_modules/@esbuild/freebsd-arm64' ]
97 verbose reify failed optional dependency /Users/likyung/node_modules/@esbuild/darwin-x64
98 silly reify mark deleted [ '/Users/likyung/node_modules/@esbuild/darwin-x64' ]
99 verbose reify failed optional dependency /Users/likyung/node_modules/@esbuild/android-x64
100 silly reify mark deleted [ '/Users/likyung/node_modules/@esbuild/android-x64' ]
101 verbose reify failed optional dependency /Users/likyung/node_modules/@esbuild/android-arm64
102 silly reify mark deleted [ '/Users/likyung/node_modules/@esbuild/android-arm64' ]
103 verbose reify failed optional dependency /Users/likyung/node_modules/@esbuild/android-arm
104 silly reify mark deleted [ '/Users/likyung/node_modules/@esbuild/android-arm' ]
105 verbose reify failed optional dependency /Users/likyung/node_modules/@esbuild/aix-ppc64
106 silly reify mark deleted [ '/Users/likyung/node_modules/@esbuild/aix-ppc64' ]
107 http fetch POST 200 https://registry.npmjs.org/-/npm/v1/security/advisories/bulk 329ms
108 silly audit report {}
109 silly ADD
110 silly ADD
111 silly ADD
112 silly ADD
113 silly ADD
114 silly ADD
115 silly ADD
116 silly ADD
117 silly ADD
118 silly ADD
119 silly ADD
120 silly ADD
121 silly ADD
122 silly ADD
123 silly ADD
124 silly ADD
125 silly ADD
126 silly ADD
127 silly ADD
128 silly ADD
129 silly ADD
130 silly ADD
131 silly ADD
132 silly ADD
133 silly ADD
134 silly ADD
135 silly ADD
136 silly ADD
137 silly ADD
138 silly ADD
139 silly ADD
140 silly ADD
141 silly ADD
142 silly ADD
143 silly ADD
144 silly ADD
145 silly ADD
146 silly ADD
147 silly ADD
148 silly ADD
149 silly ADD
150 silly ADD
151 silly ADD
152 silly ADD
153 silly ADD
154 verbose cwd /Users/likyung
155 verbose os Darwin 23.4.0
156 verbose node v22.19.0
157 verbose npm  v10.9.3
158 verbose exit 0
159 info ok
